{"/home/travis/build/npmtest/node-npmtest-chess.js/test.js":{"path":"/home/travis/build/npmtest/node-npmtest-chess.js/test.js","s":{"1":2,"2":2,"3":2,"4":2,"5":2,"6":2,"7":2,"8":1,"9":2,"10":2,"11":1,"12":1,"13":1,"14":1,"15":2,"16":2,"17":2,"18":2,"19":1,"20":1,"21":2,"22":2,"23":2,"24":1,"25":1,"26":1,"27":1,"28":1,"29":1,"30":1,"31":1,"32":1,"33":1,"34":1,"35":1,"36":1,"37":2,"38":2,"39":1,"40":2,"41":2,"42":1,"43":2,"44":2,"45":1,"46":2,"47":2,"48":1,"49":1,"50":1,"51":1,"52":1},"b":{"1":[2,1,1,1],"2":[1,1,1,1],"3":[1,1],"4":[1,1],"5":[1,1],"6":[1,1],"7":[1,1],"8":[1,1],"9":[1,1,1],"10":[1,1],"11":[1,1],"12":[1,1],"13":[1,1],"14":[1,1],"15":[1,1],"16":[1,1]},"f":{"1":2,"2":2,"3":2,"4":2,"5":2,"6":1,"7":1,"8":2,"9":2,"10":2,"11":2,"12":1},"fnMap":{"1":{"name":"(anonymous_1)","line":12,"loc":{"start":{"line":12,"column":1},"end":{"line":12,"column":13}}},"2":{"name":"(anonymous_2)","line":19,"loc":{"start":{"line":19,"column":5},"end":{"line":19,"column":17}}},"3":{"name":"(anonymous_3)","line":23,"loc":{"start":{"line":23,"column":24},"end":{"line":23,"column":36}}},"4":{"name":"(anonymous_4)","line":61,"loc":{"start":{"line":61,"column":5},"end":{"line":61,"column":17}}},"5":{"name":"(anonymous_5)","line":82,"loc":{"start":{"line":82,"column":5},"end":{"line":82,"column":17}}},"6":{"name":"(anonymous_6)","line":102,"loc":{"start":{"line":102,"column":83},"end":{"line":105,"column":10}},"skip":true},"7":{"name":"(anonymous_7)","line":113,"loc":{"start":{"line":113,"column":77},"end":{"line":116,"column":10}},"skip":true},"8":{"name":"(anonymous_8)","line":129,"loc":{"start":{"line":129,"column":12},"end":{"line":129,"column":40}},"skip":true},"9":{"name":"(anonymous_9)","line":137,"loc":{"start":{"line":137,"column":77},"end":{"line":140,"column":10}},"skip":true},"10":{"name":"(anonymous_10)","line":148,"loc":{"start":{"line":148,"column":83},"end":{"line":151,"column":10}},"skip":true},"11":{"name":"(anonymous_11)","line":159,"loc":{"start":{"line":159,"column":79},"end":{"line":162,"column":10}},"skip":true},"12":{"name":"(anonymous_12)","line":170,"loc":{"start":{"line":170,"column":75},"end":{"line":173,"column":10}},"skip":true}},"statementMap":{"1":{"start":{"line":12,"column":0},"end":{"line":185,"column":5}},"2":{"start":{"line":14,"column":4},"end":{"line":14,"column":14}},"3":{"start":{"line":19,"column":4},"end":{"line":56,"column":9}},"4":{"start":{"line":21,"column":8},"end":{"line":21,"column":19}},"5":{"start":{"line":23,"column":8},"end":{"line":35,"column":13}},"6":{"start":{"line":24,"column":12},"end":{"line":34,"column":13}},"7":{"start":{"line":25,"column":16},"end":{"line":28,"column":30}},"8":{"start":{"line":30,"column":16},"end":{"line":33,"column":27}},"9":{"start":{"line":37,"column":8},"end":{"line":39,"column":21}},"10":{"start":{"line":40,"column":8},"end":{"line":53,"column":9}},"11":{"start":{"line":43,"column":12},"end":{"line":46,"column":14}},"12":{"start":{"line":47,"column":12},"end":{"line":47,"column":18}},"13":{"start":{"line":50,"column":12},"end":{"line":51,"column":46}},"14":{"start":{"line":52,"column":12},"end":{"line":52,"column":18}},"15":{"start":{"line":55,"column":8},"end":{"line":55,"column":35}},"16":{"start":{"line":61,"column":4},"end":{"line":63,"column":9}},"17":{"start":{"line":62,"column":8},"end":{"line":62,"column":15}},"18":{"start":{"line":64,"column":4},"end":{"line":77,"column":5}},"19":{"start":{"line":70,"column":8},"end":{"line":70,"column":14}},"20":{"start":{"line":76,"column":8},"end":{"line":76,"column":14}},"21":{"start":{"line":82,"column":4},"end":{"line":84,"column":9}},"22":{"start":{"line":83,"column":8},"end":{"line":83,"column":15}},"23":{"start":{"line":85,"column":4},"end":{"line":184,"column":5}},"24":{"start":{"line":92,"column":8},"end":{"line":94,"column":63}},"25":{"start":{"line":95,"column":8},"end":{"line":95,"column":14}},"26":{"start":{"line":102,"column":8},"end":{"line":111,"column":10},"skip":true},"27":{"start":{"line":109,"column":12},"end":{"line":109,"column":55},"skip":true},"28":{"start":{"line":110,"column":12},"end":{"line":110,"column":48},"skip":true},"29":{"start":{"line":113,"column":8},"end":{"line":126,"column":10},"skip":true},"30":{"start":{"line":120,"column":12},"end":{"line":120,"column":76},"skip":true},"31":{"start":{"line":121,"column":12},"end":{"line":121,"column":73},"skip":true},"32":{"start":{"line":122,"column":12},"end":{"line":122,"column":74},"skip":true},"33":{"start":{"line":123,"column":12},"end":{"line":123,"column":79},"skip":true},"34":{"start":{"line":124,"column":12},"end":{"line":124,"column":25},"skip":true},"35":{"start":{"line":125,"column":12},"end":{"line":125,"column":45},"skip":true},"36":{"start":{"line":128,"column":8},"end":{"line":135,"column":14},"skip":true},"37":{"start":{"line":133,"column":16},"end":{"line":133,"column":29},"skip":true},"38":{"start":{"line":134,"column":16},"end":{"line":134,"column":55},"skip":true},"39":{"start":{"line":137,"column":8},"end":{"line":146,"column":10},"skip":true},"40":{"start":{"line":144,"column":12},"end":{"line":144,"column":25},"skip":true},"41":{"start":{"line":145,"column":12},"end":{"line":145,"column":45},"skip":true},"42":{"start":{"line":148,"column":8},"end":{"line":157,"column":10},"skip":true},"43":{"start":{"line":155,"column":12},"end":{"line":155,"column":25},"skip":true},"44":{"start":{"line":156,"column":12},"end":{"line":156,"column":48},"skip":true},"45":{"start":{"line":159,"column":8},"end":{"line":168,"column":10},"skip":true},"46":{"start":{"line":166,"column":12},"end":{"line":166,"column":25},"skip":true},"47":{"start":{"line":167,"column":12},"end":{"line":167,"column":46},"skip":true},"48":{"start":{"line":170,"column":8},"end":{"line":179,"column":10},"skip":true},"49":{"start":{"line":177,"column":12},"end":{"line":177,"column":94},"skip":true},"50":{"start":{"line":178,"column":12},"end":{"line":178,"column":48},"skip":true},"51":{"start":{"line":182,"column":8},"end":{"line":182,"column":35},"skip":true},"52":{"start":{"line":183,"column":8},"end":{"line":183,"column":14},"skip":true}},"branchMap":{"1":{"line":25,"type":"binary-expr","locations":[{"start":{"line":25,"column":23},"end":{"line":25,"column":62}},{"start":{"line":26,"column":20},"end":{"line":26,"column":70}},{"start":{"line":27,"column":20},"end":{"line":27,"column":71}},{"start":{"line":28,"column":20},"end":{"line":28,"column":29}}]},"2":{"line":30,"type":"binary-expr","locations":[{"start":{"line":30,"column":23},"end":{"line":30,"column":37}},{"start":{"line":31,"column":20},"end":{"line":31,"column":61}},{"start":{"line":32,"column":20},"end":{"line":32,"column":70}},{"start":{"line":33,"column":20},"end":{"line":33,"column":26}}]},"3":{"line":37,"type":"cond-expr","locations":[{"start":{"line":38,"column":14},"end":{"line":38,"column":20}},{"start":{"line":39,"column":14},"end":{"line":39,"column":20}}]},"4":{"line":40,"type":"switch","locations":[{"start":{"line":42,"column":8},"end":{"line":47,"column":18}},{"start":{"line":49,"column":8},"end":{"line":52,"column":18}}]},"5":{"line":44,"type":"binary-expr","locations":[{"start":{"line":44,"column":16},"end":{"line":44,"column":44}},{"start":{"line":44,"column":48},"end":{"line":44,"column":66}}]},"6":{"line":50,"type":"binary-expr","locations":[{"start":{"line":50,"column":21},"end":{"line":50,"column":49}},{"start":{"line":50,"column":53},"end":{"line":50,"column":72}}]},"7":{"line":64,"type":"switch","locations":[{"start":{"line":69,"column":4},"end":{"line":70,"column":14}},{"start":{"line":75,"column":4},"end":{"line":76,"column":14}}]},"8":{"line":85,"type":"switch","locations":[{"start":{"line":90,"column":4},"end":{"line":95,"column":14}},{"start":{"line":101,"column":4},"end":{"line":183,"column":14},"skip":true}]},"9":{"line":92,"type":"binary-expr","locations":[{"start":{"line":92,"column":18},"end":{"line":92,"column":32}},{"start":{"line":93,"column":12},"end":{"line":93,"column":53}},{"start":{"line":94,"column":12},"end":{"line":94,"column":61}}]},"10":{"line":102,"type":"binary-expr","locations":[{"start":{"line":102,"column":45},"end":{"line":102,"column":79},"skip":true},{"start":{"line":102,"column":83},"end":{"line":111,"column":9},"skip":true}]},"11":{"line":113,"type":"binary-expr","locations":[{"start":{"line":113,"column":42},"end":{"line":113,"column":73},"skip":true},{"start":{"line":113,"column":77},"end":{"line":126,"column":9},"skip":true}]},"12":{"line":128,"type":"binary-expr","locations":[{"start":{"line":128,"column":48},"end":{"line":128,"column":85},"skip":true},{"start":{"line":129,"column":12},"end":{"line":135,"column":13},"skip":true}]},"13":{"line":137,"type":"binary-expr","locations":[{"start":{"line":137,"column":42},"end":{"line":137,"column":73},"skip":true},{"start":{"line":137,"column":77},"end":{"line":146,"column":9},"skip":true}]},"14":{"line":148,"type":"binary-expr","locations":[{"start":{"line":148,"column":45},"end":{"line":148,"column":79},"skip":true},{"start":{"line":148,"column":83},"end":{"line":157,"column":9},"skip":true}]},"15":{"line":159,"type":"binary-expr","locations":[{"start":{"line":159,"column":43},"end":{"line":159,"column":75},"skip":true},{"start":{"line":159,"column":79},"end":{"line":168,"column":9},"skip":true}]},"16":{"line":170,"type":"binary-expr","locations":[{"start":{"line":170,"column":41},"end":{"line":170,"column":71},"skip":true},{"start":{"line":170,"column":75},"end":{"line":179,"column":9},"skip":true}]}},"code":["/* istanbul instrument in package npmtest_chess_js */","/*jslint","    bitwise: true,","    browser: true,","    maxerr: 8,","    maxlen: 96,","    node: true,","    nomen: true,","    regexp: true,","    stupid: true","*/","(function () {","    'use strict';","    var local;","","","","    // run shared js-env code - pre-init","    (function () {","        // init local","        local = {};","        // init modeJs","        local.modeJs = (function () {","            try {","                return typeof navigator.userAgent === 'string' &&","                    typeof document.querySelector('body') === 'object' &&","                    typeof XMLHttpRequest.prototype.open === 'function' &&","                    'browser';","            } catch (errorCaughtBrowser) {","                return module.exports &&","                    typeof process.versions.node === 'string' &&","                    typeof require('http').createServer === 'function' &&","                    'node';","            }","        }());","        // init global","        local.global = local.modeJs === 'browser'","            ? window","            : global;","        switch (local.modeJs) {","        // re-init local from window.local","        case 'browser':","            local = local.global.utility2.objectSetDefault(","                local.global.utility2_rollup || local.global.local,","                local.global.utility2","            );","            break;","        // re-init local from example.js","        case 'node':","            local = (local.global.utility2_rollup || require('utility2'))","                .requireExampleJsFromReadme();","            break;","        }","        // export local","        local.global.local = local;","    }());","","","","    // run shared js-env code - function","    (function () {","        return;","    }());","    switch (local.modeJs) {","","","","    // run browser js-env code - function","    case 'browser':","        break;","","","","    // run node js-env code - function","    case 'node':","        break;","    }","","","","    // run shared js-env code - post-init","    (function () {","        return;","    }());","    switch (local.modeJs) {","","","","    // run browser js-env code - post-init","    case 'browser':","        // run tests","        local.nop(local.modeTest &&","            document.querySelector('#testRunButton1') &&","            document.querySelector('#testRunButton1').click());","        break;","","","","    // run node js-env code - post-init","    /* istanbul ignore next */","    case 'node':","        local.testCase_buildApidoc_default = local.testCase_buildApidoc_default || function (","            options,","            onError","        ) {","        /*","         * this function will test buildApidoc's default handling-behavior-behavior","         */","            options = { modulePathList: module.paths };","            local.buildApidoc(options, onError);","        };","","        local.testCase_buildApp_default = local.testCase_buildApp_default || function (","            options,","            onError","        ) {","        /*","         * this function will test buildApp's default handling-behavior-behavior","         */","            local.testCase_buildReadme_default(options, local.onErrorThrow);","            local.testCase_buildLib_default(options, local.onErrorThrow);","            local.testCase_buildTest_default(options, local.onErrorThrow);","            local.testCase_buildCustomOrg_default(options, local.onErrorThrow);","            options = [];","            local.buildApp(options, onError);","        };","","        local.testCase_buildCustomOrg_default = local.testCase_buildCustomOrg_default ||","            function (options, onError) {","            /*","             * this function will test buildCustomOrg's default handling-behavior","             */","                options = {};","                local.buildCustomOrg(options, onError);","            };","","        local.testCase_buildLib_default = local.testCase_buildLib_default || function (","            options,","            onError","        ) {","        /*","         * this function will test buildLib's default handling-behavior","         */","            options = {};","            local.buildLib(options, onError);","        };","","        local.testCase_buildReadme_default = local.testCase_buildReadme_default || function (","            options,","            onError","        ) {","        /*","         * this function will test buildReadme's default handling-behavior-behavior","         */","            options = {};","            local.buildReadme(options, onError);","        };","","        local.testCase_buildTest_default = local.testCase_buildTest_default || function (","            options,","            onError","        ) {","        /*","         * this function will test buildTest's default handling-behavior","         */","            options = {};","            local.buildTest(options, onError);","        };","","        local.testCase_webpage_default = local.testCase_webpage_default || function (","            options,","            onError","        ) {","        /*","         * this function will test webpage's default handling-behavior","         */","            options = { modeCoverageMerge: true, url: local.serverLocalHost + '?modeTest=1' };","            local.browserTest(options, onError);","        };","","        // run test-server","        local.testRunServer(local);","        break;","    }","}());",""],"l":{"12":2,"14":2,"19":2,"21":2,"23":2,"24":2,"25":2,"30":1,"37":2,"40":2,"43":1,"47":1,"50":1,"52":1,"55":2,"61":2,"62":2,"64":2,"70":1,"76":1,"82":2,"83":2,"85":2,"92":1,"95":1,"102":1,"109":1,"110":1,"113":1,"120":1,"121":1,"122":1,"123":1,"124":1,"125":1,"128":1,"133":2,"134":2,"137":1,"144":2,"145":2,"148":1,"155":2,"156":2,"159":1,"166":2,"167":2,"170":1,"177":1,"178":1,"182":1,"183":1}},"/home/travis/build/npmtest/node-npmtest-chess.js/lib.npmtest_chess.js.js":{"path":"/home/travis/build/npmtest/node-npmtest-chess.js/lib.npmtest_chess.js.js","s":{"1":2,"2":2,"3":2,"4":2,"5":2,"6":2,"7":2,"8":1,"9":2,"10":2,"11":2,"12":2,"13":1,"14":1,"15":1,"16":1},"b":{"1":[2,1,1,1],"2":[1,1,1,1],"3":[1,1],"4":[2,2],"5":[1,1]},"f":{"1":2,"2":2,"3":2},"fnMap":{"1":{"name":"(anonymous_1)","line":12,"loc":{"start":{"line":12,"column":1},"end":{"line":12,"column":13}}},"2":{"name":"(anonymous_2)","line":19,"loc":{"start":{"line":19,"column":5},"end":{"line":19,"column":17}}},"3":{"name":"(anonymous_3)","line":23,"loc":{"start":{"line":23,"column":24},"end":{"line":23,"column":36}}}},"statementMap":{"1":{"start":{"line":12,"column":0},"end":{"line":53,"column":5}},"2":{"start":{"line":14,"column":4},"end":{"line":14,"column":14}},"3":{"start":{"line":19,"column":4},"end":{"line":52,"column":9}},"4":{"start":{"line":21,"column":8},"end":{"line":21,"column":19}},"5":{"start":{"line":23,"column":8},"end":{"line":35,"column":13}},"6":{"start":{"line":24,"column":12},"end":{"line":34,"column":13}},"7":{"start":{"line":25,"column":16},"end":{"line":28,"column":30}},"8":{"start":{"line":30,"column":16},"end":{"line":33,"column":27}},"9":{"start":{"line":37,"column":8},"end":{"line":39,"column":21}},"10":{"start":{"line":41,"column":8},"end":{"line":41,"column":54}},"11":{"start":{"line":43,"column":8},"end":{"line":43,"column":53}},"12":{"start":{"line":45,"column":8},"end":{"line":51,"column":9}},"13":{"start":{"line":46,"column":12},"end":{"line":46,"column":59}},"14":{"start":{"line":48,"column":12},"end":{"line":48,"column":35}},"15":{"start":{"line":49,"column":12},"end":{"line":49,"column":49}},"16":{"start":{"line":50,"column":12},"end":{"line":50,"column":43}}},"branchMap":{"1":{"line":25,"type":"binary-expr","locations":[{"start":{"line":25,"column":23},"end":{"line":25,"column":62}},{"start":{"line":26,"column":20},"end":{"line":26,"column":70}},{"start":{"line":27,"column":20},"end":{"line":27,"column":71}},{"start":{"line":28,"column":20},"end":{"line":28,"column":29}}]},"2":{"line":30,"type":"binary-expr","locations":[{"start":{"line":30,"column":23},"end":{"line":30,"column":37}},{"start":{"line":31,"column":20},"end":{"line":31,"column":61}},{"start":{"line":32,"column":20},"end":{"line":32,"column":70}},{"start":{"line":33,"column":20},"end":{"line":33,"column":26}}]},"3":{"line":37,"type":"cond-expr","locations":[{"start":{"line":38,"column":14},"end":{"line":38,"column":20}},{"start":{"line":39,"column":14},"end":{"line":39,"column":20}}]},"4":{"line":41,"type":"binary-expr","locations":[{"start":{"line":41,"column":16},"end":{"line":41,"column":44}},{"start":{"line":41,"column":48},"end":{"line":41,"column":53}}]},"5":{"line":45,"type":"if","locations":[{"start":{"line":45,"column":8},"end":{"line":45,"column":8}},{"start":{"line":45,"column":8},"end":{"line":45,"column":8}}]}},"code":["/* istanbul instrument in package npmtest_chess_js */","/*jslint","    bitwise: true,","    browser: true,","    maxerr: 8,","    maxlen: 96,","    node: true,","    nomen: true,","    regexp: true,","    stupid: true","*/","(function () {","    'use strict';","    var local;","","","","    // run shared js-env code - pre-init","    (function () {","        // init local","        local = {};","        // init modeJs","        local.modeJs = (function () {","            try {","                return typeof navigator.userAgent === 'string' &&","                    typeof document.querySelector('body') === 'object' &&","                    typeof XMLHttpRequest.prototype.open === 'function' &&","                    'browser';","            } catch (errorCaughtBrowser) {","                return module.exports &&","                    typeof process.versions.node === 'string' &&","                    typeof require('http').createServer === 'function' &&","                    'node';","            }","        }());","        // init global","        local.global = local.modeJs === 'browser'","            ? window","            : global;","        // init utility2_rollup","        local = local.global.utility2_rollup || local;","        // init lib","        local.local = local.npmtest_chess_js = local;","        // init exports","        if (local.modeJs === 'browser') {","            local.global.utility2_npmtest_chess_js = local;","        } else {","            module.exports = local;","            module.exports.__dirname = __dirname;","            module.exports.module = module;","        }","    }());","}());",""],"l":{"12":2,"14":2,"19":2,"21":2,"23":2,"24":2,"25":2,"30":1,"37":2,"41":2,"43":2,"45":2,"46":1,"48":1,"49":1,"50":1}},"/home/travis/build/npmtest/node-npmtest-chess.js/example.js":{"path":"/home/travis/build/npmtest/node-npmtest-chess.js/example.js","s":{"1":2,"2":2,"3":2,"4":2,"5":2,"6":2,"7":2,"8":1,"9":2,"10":2,"11":2,"12":2,"13":1,"14":2,"15":2,"16":2,"17":2,"18":2,"19":0,"20":2,"21":1,"22":1,"23":1,"24":1,"25":1,"26":0,"27":0,"28":1,"29":1,"30":2,"31":0,"32":0,"33":0,"34":1,"35":2,"36":2,"37":2,"38":2,"39":2,"40":2,"41":0,"42":2,"43":2,"44":2,"45":1,"46":3,"47":1,"48":1,"49":1,"50":1,"51":1,"52":1,"53":1,"54":1,"55":1,"56":1,"57":0,"58":1,"59":6,"60":6,"61":1,"62":2,"63":0,"64":2,"65":1,"66":1,"67":0,"68":0,"69":0,"70":0,"71":0,"72":0,"73":0,"74":0,"75":0,"76":0,"77":0,"78":0,"79":0,"80":0,"81":0,"82":0,"83":0},"b":{"1":[2,1,1,1],"2":[1,1,1,1],"3":[1,1],"4":[2,2],"5":[1,1],"6":[1,1],"7":[2,0],"8":[2,1,1,1,1,1],"9":[0,2,0],"10":[1,1],"11":[2,1,1],"12":[1,0],"13":[0,2],"14":[2,0,0,0,0,0,0],"15":[0,2],"16":[2,0],"17":[1,1],"18":[0,1],"19":[1,2,0,2],"20":[1,0],"21":[1,1],"22":[0,0],"23":[0,0],"24":[0,0],"25":[0,0],"26":[0,0],"27":[0,0],"28":[0,0]},"f":{"1":2,"2":2,"3":2,"4":2,"5":2,"6":2,"7":2,"8":2,"9":3,"10":1,"11":6,"12":0},"fnMap":{"1":{"name":"(anonymous_1)","line":26,"loc":{"start":{"line":26,"column":1},"end":{"line":26,"column":13}}},"2":{"name":"(anonymous_2)","line":33,"loc":{"start":{"line":33,"column":5},"end":{"line":33,"column":17}}},"3":{"name":"(anonymous_3)","line":37,"loc":{"start":{"line":37,"column":24},"end":{"line":37,"column":36}}},"4":{"name":"(anonymous_4)","line":69,"loc":{"start":{"line":69,"column":31},"end":{"line":69,"column":48}},"skip":true},"5":{"name":"(anonymous_5)","line":78,"loc":{"start":{"line":78,"column":26},"end":{"line":78,"column":45}},"skip":true},"6":{"name":"(anonymous_6)","line":123,"loc":{"start":{"line":123,"column":33},"end":{"line":123,"column":48}},"skip":true},"7":{"name":"(anonymous_7)","line":125,"loc":{"start":{"line":125,"column":27},"end":{"line":125,"column":39}},"skip":true},"8":{"name":"(anonymous_8)","line":133,"loc":{"start":{"line":133,"column":59},"end":{"line":133,"column":74}},"skip":true},"9":{"name":"(anonymous_9)","line":143,"loc":{"start":{"line":143,"column":45},"end":{"line":143,"column":62}},"skip":true},"10":{"name":"(anonymous_10)","line":144,"loc":{"start":{"line":144,"column":73},"end":{"line":144,"column":92}},"skip":true},"11":{"name":"(anonymous_11)","line":272,"loc":{"start":{"line":272,"column":51},"end":{"line":272,"column":77}},"skip":true},"12":{"name":"(anonymous_12)","line":314,"loc":{"start":{"line":314,"column":32},"end":{"line":314,"column":61}},"skip":true}},"statementMap":{"1":{"start":{"line":26,"column":0},"end":{"line":325,"column":5}},"2":{"start":{"line":28,"column":4},"end":{"line":28,"column":14}},"3":{"start":{"line":33,"column":4},"end":{"line":60,"column":9}},"4":{"start":{"line":35,"column":8},"end":{"line":35,"column":19}},"5":{"start":{"line":37,"column":8},"end":{"line":49,"column":13}},"6":{"start":{"line":38,"column":12},"end":{"line":48,"column":13}},"7":{"start":{"line":39,"column":16},"end":{"line":42,"column":30}},"8":{"start":{"line":44,"column":16},"end":{"line":47,"column":27}},"9":{"start":{"line":51,"column":8},"end":{"line":53,"column":21}},"10":{"start":{"line":55,"column":8},"end":{"line":57,"column":45}},"11":{"start":{"line":59,"column":8},"end":{"line":59,"column":35}},"12":{"start":{"line":61,"column":4},"end":{"line":324,"column":5}},"13":{"start":{"line":69,"column":8},"end":{"line":121,"column":10},"skip":true},"14":{"start":{"line":70,"column":12},"end":{"line":88,"column":13},"skip":true},"15":{"start":{"line":76,"column":16},"end":{"line":87,"column":19},"skip":true},"16":{"start":{"line":79,"column":20},"end":{"line":86,"column":21},"skip":true},"17":{"start":{"line":82,"column":24},"end":{"line":82,"column":43},"skip":true},"18":{"start":{"line":83,"column":24},"end":{"line":83,"column":30},"skip":true},"19":{"start":{"line":85,"column":24},"end":{"line":85,"column":49},"skip":true},"20":{"start":{"line":89,"column":12},"end":{"line":107,"column":13},"skip":true},"21":{"start":{"line":92,"column":16},"end":{"line":102,"column":17},"skip":true},"22":{"start":{"line":93,"column":20},"end":{"line":93,"column":86},"skip":true},"23":{"start":{"line":94,"column":20},"end":{"line":95,"column":45},"skip":true},"24":{"start":{"line":96,"column":20},"end":{"line":96,"column":42},"skip":true},"25":{"start":{"line":97,"column":20},"end":{"line":97,"column":48},"skip":true},"26":{"start":{"line":100,"column":20},"end":{"line":100,"column":85},"skip":true},"27":{"start":{"line":101,"column":20},"end":{"line":101,"column":96},"skip":true},"28":{"start":{"line":103,"column":16},"end":{"line":103,"column":22},"skip":true},"29":{"start":{"line":106,"column":16},"end":{"line":106,"column":22},"skip":true},"30":{"start":{"line":108,"column":12},"end":{"line":120,"column":13},"skip":true},"31":{"start":{"line":114,"column":16},"end":{"line":119,"column":17},"skip":true},"32":{"start":{"line":116,"column":20},"end":{"line":116,"column":78},"skip":true},"33":{"start":{"line":118,"column":20},"end":{"line":118,"column":47},"skip":true},"34":{"start":{"line":123,"column":8},"end":{"line":141,"column":11},"skip":true},"35":{"start":{"line":124,"column":12},"end":{"line":124,"column":54},"skip":true},"36":{"start":{"line":125,"column":12},"end":{"line":140,"column":14},"skip":true},"37":{"start":{"line":126,"column":16},"end":{"line":126,"column":28},"skip":true},"38":{"start":{"line":127,"column":16},"end":{"line":127,"column":69},"skip":true},"39":{"start":{"line":128,"column":16},"end":{"line":128,"column":75},"skip":true},"40":{"start":{"line":129,"column":16},"end":{"line":131,"column":17},"skip":true},"41":{"start":{"line":130,"column":20},"end":{"line":130,"column":27},"skip":true},"42":{"start":{"line":133,"column":16},"end":{"line":137,"column":36},"skip":true},"43":{"start":{"line":134,"column":20},"end":{"line":136,"column":55},"skip":true},"44":{"start":{"line":139,"column":16},"end":{"line":139,"column":57},"skip":true},"45":{"start":{"line":143,"column":8},"end":{"line":147,"column":11},"skip":true},"46":{"start":{"line":144,"column":12},"end":{"line":146,"column":15},"skip":true},"47":{"start":{"line":145,"column":16},"end":{"line":145,"column":70},"skip":true},"48":{"start":{"line":149,"column":8},"end":{"line":149,"column":31},"skip":true},"49":{"start":{"line":150,"column":8},"end":{"line":150,"column":14},"skip":true},"50":{"start":{"line":158,"column":8},"end":{"line":158,"column":31},"skip":true},"51":{"start":{"line":160,"column":8},"end":{"line":160,"column":33},"skip":true},"52":{"start":{"line":161,"column":8},"end":{"line":161,"column":37},"skip":true},"53":{"start":{"line":162,"column":8},"end":{"line":162,"column":35},"skip":true},"54":{"start":{"line":164,"column":8},"end":{"line":164,"column":50},"skip":true},"55":{"start":{"line":166,"column":8},"end":{"line":256,"column":2},"skip":true},"56":{"start":{"line":258,"column":8},"end":{"line":286,"column":9},"skip":true},"57":{"start":{"line":259,"column":12},"end":{"line":269,"column":14},"skip":true},"58":{"start":{"line":271,"column":12},"end":{"line":285,"column":19},"skip":true},"59":{"start":{"line":274,"column":20},"end":{"line":274,"column":35},"skip":true},"60":{"start":{"line":275,"column":20},"end":{"line":284,"column":21},"skip":true},"61":{"start":{"line":277,"column":24},"end":{"line":277,"column":64},"skip":true},"62":{"start":{"line":279,"column":24},"end":{"line":279,"column":40},"skip":true},"63":{"start":{"line":281,"column":24},"end":{"line":281,"column":40},"skip":true},"64":{"start":{"line":283,"column":24},"end":{"line":283,"column":39},"skip":true},"65":{"start":{"line":288,"column":8},"end":{"line":290,"column":9},"skip":true},"66":{"start":{"line":289,"column":12},"end":{"line":289,"column":18},"skip":true},"67":{"start":{"line":291,"column":8},"end":{"line":293,"column":54},"skip":true},"68":{"start":{"line":294,"column":8},"end":{"line":301,"column":37},"skip":true},"69":{"start":{"line":302,"column":8},"end":{"line":302,"column":82},"skip":true},"70":{"start":{"line":305,"column":8},"end":{"line":307,"column":9},"skip":true},"71":{"start":{"line":306,"column":12},"end":{"line":306,"column":82},"skip":true},"72":{"start":{"line":309,"column":8},"end":{"line":311,"column":9},"skip":true},"73":{"start":{"line":310,"column":12},"end":{"line":310,"column":18},"skip":true},"74":{"start":{"line":312,"column":8},"end":{"line":312,"column":54},"skip":true},"75":{"start":{"line":313,"column":8},"end":{"line":313,"column":69},"skip":true},"76":{"start":{"line":314,"column":8},"end":{"line":322,"column":36},"skip":true},"77":{"start":{"line":315,"column":12},"end":{"line":315,"column":61},"skip":true},"78":{"start":{"line":316,"column":12},"end":{"line":319,"column":13},"skip":true},"79":{"start":{"line":317,"column":16},"end":{"line":317,"column":75},"skip":true},"80":{"start":{"line":318,"column":16},"end":{"line":318,"column":23},"skip":true},"81":{"start":{"line":320,"column":12},"end":{"line":320,"column":38},"skip":true},"82":{"start":{"line":321,"column":12},"end":{"line":321,"column":27},"skip":true},"83":{"start":{"line":323,"column":8},"end":{"line":323,"column":14},"skip":true}},"branchMap":{"1":{"line":39,"type":"binary-expr","locations":[{"start":{"line":39,"column":23},"end":{"line":39,"column":62}},{"start":{"line":40,"column":20},"end":{"line":40,"column":70}},{"start":{"line":41,"column":20},"end":{"line":41,"column":71}},{"start":{"line":42,"column":20},"end":{"line":42,"column":29}}]},"2":{"line":44,"type":"binary-expr","locations":[{"start":{"line":44,"column":23},"end":{"line":44,"column":37}},{"start":{"line":45,"column":20},"end":{"line":45,"column":61}},{"start":{"line":46,"column":20},"end":{"line":46,"column":70}},{"start":{"line":47,"column":20},"end":{"line":47,"column":26}}]},"3":{"line":51,"type":"cond-expr","locations":[{"start":{"line":52,"column":14},"end":{"line":52,"column":20}},{"start":{"line":53,"column":14},"end":{"line":53,"column":20}}]},"4":{"line":55,"type":"binary-expr","locations":[{"start":{"line":55,"column":16},"end":{"line":55,"column":44}},{"start":{"line":55,"column":49},"end":{"line":57,"column":43}}]},"5":{"line":55,"type":"cond-expr","locations":[{"start":{"line":56,"column":14},"end":{"line":56,"column":52}},{"start":{"line":57,"column":14},"end":{"line":57,"column":43}}]},"6":{"line":61,"type":"switch","locations":[{"start":{"line":68,"column":4},"end":{"line":150,"column":14},"skip":true},{"start":{"line":156,"column":4},"end":{"line":323,"column":14},"skip":true}]},"7":{"line":70,"type":"if","locations":[{"start":{"line":70,"column":12},"end":{"line":70,"column":12},"skip":true},{"start":{"line":70,"column":12},"end":{"line":70,"column":12},"skip":true}]},"8":{"line":70,"type":"binary-expr","locations":[{"start":{"line":70,"column":16},"end":{"line":70,"column":22},"skip":true},{"start":{"line":70,"column":27},"end":{"line":70,"column":32},"skip":true},{"start":{"line":71,"column":20},"end":{"line":71,"column":39},"skip":true},{"start":{"line":72,"column":20},"end":{"line":72,"column":49},"skip":true},{"start":{"line":73,"column":20},"end":{"line":73,"column":58},"skip":true},{"start":{"line":74,"column":20},"end":{"line":74,"column":69},"skip":true}]},"9":{"line":79,"type":"switch","locations":[{"start":{"line":80,"column":20},"end":{"line":80,"column":33},"skip":true},{"start":{"line":81,"column":20},"end":{"line":83,"column":30},"skip":true},{"start":{"line":84,"column":20},"end":{"line":85,"column":49},"skip":true}]},"10":{"line":89,"type":"switch","locations":[{"start":{"line":90,"column":12},"end":{"line":103,"column":22},"skip":true},{"start":{"line":105,"column":12},"end":{"line":106,"column":22},"skip":true}]},"11":{"line":89,"type":"binary-expr","locations":[{"start":{"line":89,"column":20},"end":{"line":89,"column":25},"skip":true},{"start":{"line":89,"column":29},"end":{"line":89,"column":48},"skip":true},{"start":{"line":89,"column":52},"end":{"line":89,"column":74},"skip":true}]},"12":{"line":92,"type":"if","locations":[{"start":{"line":92,"column":16},"end":{"line":92,"column":16},"skip":true},{"start":{"line":92,"column":16},"end":{"line":92,"column":16},"skip":true}]},"13":{"line":108,"type":"if","locations":[{"start":{"line":108,"column":12},"end":{"line":108,"column":12},"skip":true},{"start":{"line":108,"column":12},"end":{"line":108,"column":12},"skip":true}]},"14":{"line":108,"type":"binary-expr","locations":[{"start":{"line":108,"column":16},"end":{"line":108,"column":61},"skip":true},{"start":{"line":108,"column":66},"end":{"line":108,"column":72},"skip":true},{"start":{"line":108,"column":77},"end":{"line":108,"column":82},"skip":true},{"start":{"line":109,"column":20},"end":{"line":109,"column":39},"skip":true},{"start":{"line":110,"column":20},"end":{"line":110,"column":49},"skip":true},{"start":{"line":111,"column":20},"end":{"line":111,"column":58},"skip":true},{"start":{"line":112,"column":20},"end":{"line":112,"column":68},"skip":true}]},"15":{"line":129,"type":"if","locations":[{"start":{"line":129,"column":16},"end":{"line":129,"column":16},"skip":true},{"start":{"line":129,"column":16},"end":{"line":129,"column":16},"skip":true}]},"16":{"line":134,"type":"cond-expr","locations":[{"start":{"line":135,"column":26},"end":{"line":135,"column":29},"skip":true},{"start":{"line":136,"column":26},"end":{"line":136,"column":54},"skip":true}]},"17":{"line":164,"type":"binary-expr","locations":[{"start":{"line":164,"column":27},"end":{"line":164,"column":43},"skip":true},{"start":{"line":164,"column":47},"end":{"line":164,"column":49},"skip":true}]},"18":{"line":258,"type":"if","locations":[{"start":{"line":258,"column":8},"end":{"line":258,"column":8},"skip":true},{"start":{"line":258,"column":8},"end":{"line":258,"column":8},"skip":true}]},"19":{"line":275,"type":"switch","locations":[{"start":{"line":276,"column":20},"end":{"line":277,"column":64},"skip":true},{"start":{"line":278,"column":20},"end":{"line":279,"column":40},"skip":true},{"start":{"line":280,"column":20},"end":{"line":281,"column":40},"skip":true},{"start":{"line":282,"column":20},"end":{"line":283,"column":39},"skip":true}]},"20":{"line":288,"type":"if","locations":[{"start":{"line":288,"column":8},"end":{"line":288,"column":8},"skip":true},{"start":{"line":288,"column":8},"end":{"line":288,"column":8},"skip":true}]},"21":{"line":288,"type":"binary-expr","locations":[{"start":{"line":288,"column":12},"end":{"line":288,"column":40},"skip":true},{"start":{"line":288,"column":44},"end":{"line":288,"column":67},"skip":true}]},"22":{"line":292,"type":"binary-expr","locations":[{"start":{"line":292,"column":12},"end":{"line":292,"column":50},"skip":true},{"start":{"line":293,"column":12},"end":{"line":293,"column":53},"skip":true}]},"23":{"line":295,"type":"binary-expr","locations":[{"start":{"line":295,"column":12},"end":{"line":295,"column":66},"skip":true},{"start":{"line":296,"column":12},"end":{"line":301,"column":36},"skip":true}]},"24":{"line":302,"type":"binary-expr","locations":[{"start":{"line":302,"column":43},"end":{"line":302,"column":75},"skip":true},{"start":{"line":302,"column":79},"end":{"line":302,"column":81},"skip":true}]},"25":{"line":305,"type":"if","locations":[{"start":{"line":305,"column":8},"end":{"line":305,"column":8},"skip":true},{"start":{"line":305,"column":8},"end":{"line":305,"column":8},"skip":true}]},"26":{"line":309,"type":"if","locations":[{"start":{"line":309,"column":8},"end":{"line":309,"column":8},"skip":true},{"start":{"line":309,"column":8},"end":{"line":309,"column":8},"skip":true}]},"27":{"line":312,"type":"binary-expr","locations":[{"start":{"line":312,"column":27},"end":{"line":312,"column":43},"skip":true},{"start":{"line":312,"column":47},"end":{"line":312,"column":53},"skip":true}]},"28":{"line":316,"type":"if","locations":[{"start":{"line":316,"column":12},"end":{"line":316,"column":12},"skip":true},{"start":{"line":316,"column":12},"end":{"line":316,"column":12},"skip":true}]}},"code":["/*","example.js","","quickstart example","","instruction","    1. save this script as example.js","    2. run the shell command:","        $ npm install npmtest-chess.js && PORT=8081 node example.js","    3. play with the browser-demo on http://127.0.0.1:8081","*/","","","","/* istanbul instrument in package npmtest_chess_js */","/*jslint","    bitwise: true,","    browser: true,","    maxerr: 8,","    maxlen: 96,","    node: true,","    nomen: true,","    regexp: true,","    stupid: true","*/","(function () {","    'use strict';","    var local;","","","","    // run shared js-env code - pre-init","    (function () {","        // init local","        local = {};","        // init modeJs","        local.modeJs = (function () {","            try {","                return typeof navigator.userAgent === 'string' &&","                    typeof document.querySelector('body') === 'object' &&","                    typeof XMLHttpRequest.prototype.open === 'function' &&","                    'browser';","            } catch (errorCaughtBrowser) {","                return module.exports &&","                    typeof process.versions.node === 'string' &&","                    typeof require('http').createServer === 'function' &&","                    'node';","            }","        }());","        // init global","        local.global = local.modeJs === 'browser'","            ? window","            : global;","        // init utility2_rollup","        local = local.global.utility2_rollup || (local.modeJs === 'browser'","            ? local.global.utility2_npmtest_chess_js","            : global.utility2_moduleExports);","        // export local","        local.global.local = local;","    }());","    switch (local.modeJs) {","","","","    // post-init","    // run browser js-env code - post-init","    /* istanbul ignore next */","    case 'browser':","        local.testRunBrowser = function (event) {","            if (!event || (event &&","                    event.currentTarget &&","                    event.currentTarget.className &&","                    event.currentTarget.className.includes &&","                    event.currentTarget.className.includes('onreset'))) {","                // reset output","                Array.from(","                    document.querySelectorAll('body > .resettable')","                ).forEach(function (element) {","                    switch (element.tagName) {","                    case 'INPUT':","                    case 'TEXTAREA':","                        element.value = '';","                        break;","                    default:","                        element.textContent = '';","                    }","                });","            }","            switch (event && event.currentTarget && event.currentTarget.id) {","            case 'testRunButton1':","                // show tests","                if (document.querySelector('#testReportDiv1').style.display === 'none') {","                    document.querySelector('#testReportDiv1').style.display = 'block';","                    document.querySelector('#testRunButton1').textContent =","                        'hide internal test';","                    local.modeTest = true;","                    local.testRunDefault(local);","                // hide tests","                } else {","                    document.querySelector('#testReportDiv1').style.display = 'none';","                    document.querySelector('#testRunButton1').textContent = 'run internal test';","                }","                break;","            // custom-case","            default:","                break;","            }","            if (document.querySelector('#inputTextareaEval1') && (!event || (event &&","                    event.currentTarget &&","                    event.currentTarget.className &&","                    event.currentTarget.className.includes &&","                    event.currentTarget.className.includes('oneval')))) {","                // try to eval input-code","                try {","                    /*jslint evil: true*/","                    eval(document.querySelector('#inputTextareaEval1').value);","                } catch (errorCaught) {","                    console.error(errorCaught);","                }","            }","        };","        // log stderr and stdout to #outputTextareaStdout1","        ['error', 'log'].forEach(function (key) {","            console[key + '_original'] = console[key];","            console[key] = function () {","                var element;","                console[key + '_original'].apply(console, arguments);","                element = document.querySelector('#outputTextareaStdout1');","                if (!element) {","                    return;","                }","                // append text to #outputTextareaStdout1","                element.value += Array.from(arguments).map(function (arg) {","                    return typeof arg === 'string'","                        ? arg","                        : JSON.stringify(arg, null, 4);","                }).join(' ') + '\\n';","                // scroll textarea to bottom","                element.scrollTop = element.scrollHeight;","            };","        });","        // init event-handling","        ['change', 'click', 'keyup'].forEach(function (event) {","            Array.from(document.querySelectorAll('.on' + event)).forEach(function (element) {","                element.addEventListener(event, local.testRunBrowser);","            });","        });","        // run tests","        local.testRunBrowser();","        break;","","","","    // run node js-env code - post-init","    /* istanbul ignore next */","    case 'node':","        // export local","        module.exports = local;","        // require modules","        local.fs = require('fs');","        local.http = require('http');","        local.url = require('url');","        // init assets","        local.assetsDict = local.assetsDict || {};","        /* jslint-ignore-begin */","        local.assetsDict['/assets.index.template.html'] = '\\","<!doctype html>\\n\\","<html lang=\"en\">\\n\\","<head>\\n\\","<meta charset=\"UTF-8\">\\n\\","<meta name=\"viewport\" content=\"width=device-width, initial-scale=1\">\\n\\","<title>{{env.npm_package_name}} (v{{env.npm_package_version}})</title>\\n\\","<style>\\n\\","/*csslint\\n\\","    box-sizing: false,\\n\\","    universal-selector: false\\n\\","*/\\n\\","* {\\n\\","    box-sizing: border-box;\\n\\","}\\n\\","body {\\n\\","    background: #dde;\\n\\","    font-family: Arial, Helvetica, sans-serif;\\n\\","    margin: 2rem;\\n\\","}\\n\\","body > * {\\n\\","    margin-bottom: 1rem;\\n\\","}\\n\\",".utility2FooterDiv {\\n\\","    margin-top: 20px;\\n\\","    text-align: center;\\n\\","}\\n\\","</style>\\n\\","<style>\\n\\","/*csslint\\n\\","*/\\n\\","textarea {\\n\\","    font-family: monospace;\\n\\","    height: 10rem;\\n\\","    width: 100%;\\n\\","}\\n\\","textarea[readonly] {\\n\\","    background: #ddd;\\n\\","}\\n\\","</style>\\n\\","</head>\\n\\","<body>\\n\\","<!-- utility2-comment\\n\\","<div id=\"ajaxProgressDiv1\" style=\"background: #d00; height: 2px; left: 0; margin: 0; padding: 0; position: fixed; top: 0; transition: background 0.5s, width 1.5s; width: 25%;\"></div>\\n\\","utility2-comment -->\\n\\","<h1>\\n\\","<!-- utility2-comment\\n\\","    <a\\n\\","        {{#if env.npm_package_homepage}}\\n\\","        href=\"{{env.npm_package_homepage}}\"\\n\\","        {{/if env.npm_package_homepage}}\\n\\","        target=\"_blank\"\\n\\","    >\\n\\","utility2-comment -->\\n\\","        {{env.npm_package_name}} (v{{env.npm_package_version}})\\n\\","<!-- utility2-comment\\n\\","    </a>\\n\\","utility2-comment -->\\n\\","</h1>\\n\\","<h3>{{env.npm_package_description}}</h3>\\n\\","<!-- utility2-comment\\n\\","<h4><a download href=\"assets.app.js\">download standalone app</a></h4>\\n\\","<button class=\"onclick onreset\" id=\"testRunButton1\">run internal test</button><br>\\n\\","<div id=\"testReportDiv1\" style=\"display: none;\"></div>\\n\\","utility2-comment -->\\n\\","\\n\\","\\n\\","\\n\\","<label>stderr and stdout</label>\\n\\","<textarea class=\"resettable\" id=\"outputTextareaStdout1\" readonly></textarea>\\n\\","<!-- utility2-comment\\n\\","{{#if isRollup}}\\n\\","<script src=\"assets.app.js\"></script>\\n\\","{{#unless isRollup}}\\n\\","utility2-comment -->\\n\\","<script src=\"assets.utility2.rollup.js\"></script>\\n\\","<script src=\"jsonp.utility2._stateInit?callback=window.utility2._stateInit\"></script>\\n\\","<script src=\"assets.npmtest_chess_js.rollup.js\"></script>\\n\\","<script src=\"assets.example.js\"></script>\\n\\","<script src=\"assets.test.js\"></script>\\n\\","<!-- utility2-comment\\n\\","{{/if isRollup}}\\n\\","utility2-comment -->\\n\\","<div class=\"utility2FooterDiv\">\\n\\","    [ this app was created with\\n\\","    <a href=\"https://github.com/kaizhu256/node-utility2\" target=\"_blank\">utility2</a>\\n\\","    ]\\n\\","</div>\\n\\","</body>\\n\\","</html>\\n\\","';","        /* jslint-ignore-end */","        if (local.templateRender) {","            local.assetsDict['/'] = local.templateRender(","                local.assetsDict['/assets.index.template.html'],","                {","                    env: local.objectSetDefault(local.env, {","                        npm_package_description: 'the greatest app in the world!',","                        npm_package_name: 'my-app',","                        npm_package_nameAlias: 'my_app',","                        npm_package_version: '0.0.1'","                    })","                }","            );","        } else {","            local.assetsDict['/'] = local.assetsDict['/assets.index.template.html']","                .replace((/\\{\\{env\\.(\\w+?)\\}\\}/g), function (match0, match1) {","                    // jslint-hack","                    String(match0);","                    switch (match1) {","                    case 'npm_package_description':","                        return 'the greatest app in the world!';","                    case 'npm_package_name':","                        return 'my-app';","                    case 'npm_package_nameAlias':","                        return 'my_app';","                    case 'npm_package_version':","                        return '0.0.1';","                    }","                });","        }","        // run the cli","        if (local.global.utility2_rollup || module !== require.main) {","            break;","        }","        local.assetsDict['/assets.example.js'] =","            local.assetsDict['/assets.example.js'] ||","            local.fs.readFileSync(__filename, 'utf8');","        local.assetsDict['/assets.npmtest_chess_js.rollup.js'] =","            local.assetsDict['/assets.npmtest_chess_js.rollup.js'] ||","            local.fs.readFileSync(","                // buildCustomOrg-hack","                local.npmtest_chess_js.__dirname +","                    '/lib.npmtest_chess_js.js',","                'utf8'","            ).replace((/^#!/), '//');","        local.assetsDict['/favicon.ico'] = local.assetsDict['/favicon.ico'] || '';","        // if $npm_config_timeout_exit exists,","        // then exit this process after $npm_config_timeout_exit ms","        if (Number(process.env.npm_config_timeout_exit)) {","            setTimeout(process.exit, Number(process.env.npm_config_timeout_exit));","        }","        // start server","        if (local.global.utility2_serverHttp1) {","            break;","        }","        process.env.PORT = process.env.PORT || '8081';","        console.error('server starting on port ' + process.env.PORT);","        local.http.createServer(function (request, response) {","            request.urlParsed = local.url.parse(request.url);","            if (local.assetsDict[request.urlParsed.pathname] !== undefined) {","                response.end(local.assetsDict[request.urlParsed.pathname]);","                return;","            }","            response.statusCode = 404;","            response.end();","        }).listen(process.env.PORT);","        break;","    }","}());",""],"l":{"26":2,"28":2,"33":2,"35":2,"37":2,"38":2,"39":2,"44":1,"51":2,"55":2,"59":2,"61":2,"69":1,"70":2,"76":2,"79":2,"82":2,"83":2,"85":1,"89":2,"92":1,"93":1,"94":1,"96":1,"97":1,"100":1,"101":1,"103":1,"106":1,"108":2,"114":1,"116":1,"118":1,"123":1,"124":2,"125":2,"126":2,"127":2,"128":2,"129":2,"130":1,"133":2,"134":2,"139":2,"143":1,"144":3,"145":1,"149":1,"150":1,"158":1,"160":1,"161":1,"162":1,"164":1,"166":1,"258":1,"259":1,"271":1,"274":6,"275":6,"277":1,"279":2,"281":1,"283":2,"288":1,"289":1,"291":1,"294":1,"302":1,"305":1,"306":1,"309":1,"310":1,"312":1,"313":1,"314":1,"315":1,"316":1,"317":1,"318":1,"320":1,"321":1,"323":1}},"/home/travis/build/npmtest/node-npmtest-chess.js/node_modules/chess.js/chess.js":{"path":"/home/travis/build/npmtest/node-npmtest-chess.js/node_modules/chess.js/chess.js","s":{"1":1,"2":0,"3":0,"4":0,"5":0,"6":0,"7":0,"8":0,"9":0,"10":0,"11":0,"12":0,"13":0,"14":0,"15":0,"16":0,"17":0,"18":0,"19":0,"20":0,"21":0,"22":0,"23":0,"24":0,"25":0,"26":0,"27":0,"28":0,"29":0,"30":0,"31":0,"32":0,"33":0,"34":0,"35":0,"36":0,"37":0,"38":0,"39":0,"40":0,"41":0,"42":0,"43":1,"44":0,"45":0,"46":0,"47":0,"48":0,"49":0,"50":0,"51":0,"52":0,"53":0,"54":1,"55":0,"56":1,"57":0,"58":0,"59":0,"60":0,"61":0,"62":0,"63":0,"64":0,"65":0,"66":0,"67":0,"68":0,"69":0,"70":0,"71":0,"72":0,"73":0,"74":0,"75":0,"76":0,"77":0,"78":0,"79":0,"80":0,"81":0,"82":0,"83":0,"84":0,"85":0,"86":1,"87":0,"88":0,"89":0,"90":0,"91":0,"92":0,"93":0,"94":0,"95":0,"96":0,"97":0,"98":0,"99":0,"100":0,"101":0,"102":0,"103":0,"104":0,"105":0,"106":0,"107":0,"108":0,"109":0,"110":0,"111":0,"112":0,"113":0,"114":0,"115":0,"116":0,"117":0,"118":0,"119":0,"120":0,"121":0,"122":1,"123":0,"124":0,"125":0,"126":0,"127":0,"128":0,"129":0,"130":0,"131":0,"132":0,"133":0,"134":0,"135":0,"136":0,"137":0,"138":0,"139":0,"140":0,"141":0,"142":0,"143":0,"144":0,"145":0,"146":0,"147":0,"148":0,"149":0,"150":0,"151":0,"152":0,"153":1,"154":0,"155":0,"156":0,"157":0,"158":1,"159":0,"160":0,"161":0,"162":0,"163":0,"164":0,"165":0,"166":1,"167":0,"168":0,"169":1,"170":0,"171":0,"172":0,"173":0,"174":0,"175":0,"176":0,"177":0,"178":0,"179":0,"180":0,"181":0,"182":0,"183":0,"184":1,"185":0,"186":0,"187":0,"188":0,"189":0,"190":0,"191":1,"192":0,"193":0,"194":0,"195":0,"196":0,"197":0,"198":0,"199":0,"200":0,"201":1,"202":1,"203":0,"204":0,"205":0,"206":0,"207":0,"208":0,"209":0,"210":0,"211":0,"212":0,"213":0,"214":0,"215":0,"216":0,"217":0,"218":0,"219":0,"220":0,"221":0,"222":0,"223":0,"224":0,"225":0,"226":0,"227":0,"228":0,"229":0,"230":0,"231":0,"232":0,"233":0,"234":0,"235":0,"236":0,"237":0,"238":0,"239":0,"240":0,"241":0,"242":0,"243":0,"244":0,"245":0,"246":0,"247":0,"248":0,"249":0,"250":0,"251":0,"252":0,"253":0,"254":0,"255":0,"256":0,"257":0,"258":0,"259":0,"260":0,"261":0,"262":0,"263":0,"264":0,"265":0,"266":0,"267":0,"268":0,"269":0,"270":0,"271":0,"272":0,"273":0,"274":0,"275":0,"276":0,"277":0,"278":1,"279":0,"280":0,"281":0,"282":0,"283":0,"284":0,"285":0,"286":0,"287":0,"288":0,"289":0,"290":0,"291":0,"292":0,"293":0,"294":0,"295":0,"296":0,"297":0,"298":0,"299":0,"300":0,"301":1,"302":0,"303":1,"304":0,"305":0,"306":0,"307":0,"308":0,"309":0,"310":0,"311":0,"312":0,"313":0,"314":0,"315":0,"316":0,"317":0,"318":0,"319":0,"320":0,"321":0,"322":0,"323":0,"324":0,"325":0,"326":0,"327":0,"328":0,"329":0,"330":0,"331":0,"332":0,"333":0,"334":1,"335":0,"336":1,"337":0,"338":1,"339":0,"340":1,"341":0,"342":1,"343":0,"344":0,"345":0,"346":0,"347":0,"348":0,"349":0,"350":0,"351":0,"352":0,"353":0,"354":0,"355":0,"356":0,"357":0,"358":0,"359":0,"360":0,"361":0,"362":0,"363":0,"364":0,"365":0,"366":0,"367":0,"368":0,"369":0,"370":1,"371":0,"372":0,"373":0,"374":0,"375":0,"376":0,"377":0,"378":0,"379":0,"380":0,"381":0,"382":0,"383":0,"384":0,"385":0,"386":0,"387":0,"388":1,"389":0,"390":1,"391":0,"392":0,"393":0,"394":0,"395":0,"396":0,"397":0,"398":0,"399":0,"400":0,"401":0,"402":0,"403":0,"404":0,"405":0,"406":0,"407":0,"408":0,"409":0,"410":0,"411":0,"412":0,"413":0,"414":0,"415":0,"416":0,"417":0,"418":0,"419":0,"420":0,"421":0,"422":0,"423":0,"424":0,"425":0,"426":0,"427":0,"428":0,"429":0,"430":0,"431":0,"432":0,"433":0,"434":0,"435":0,"436":0,"437":0,"438":1,"439":0,"440":0,"441":0,"442":0,"443":0,"444":0,"445":0,"446":0,"447":0,"448":0,"449":0,"450":0,"451":0,"452":0,"453":0,"454":0,"455":0,"456":0,"457":0,"458":0,"459":0,"460":0,"461":0,"462":0,"463":0,"464":0,"465":0,"466":0,"467":0,"468":0,"469":0,"470":0,"471":0,"472":0,"473":1,"474":0,"475":0,"476":0,"477":0,"478":0,"479":0,"480":0,"481":0,"482":0,"483":0,"484":0,"485":0,"486":0,"487":0,"488":0,"489":0,"490":0,"491":0,"492":0,"493":0,"494":0,"495":0,"496":0,"497":0,"498":1,"499":0,"500":0,"501":0,"502":0,"503":0,"504":0,"505":0,"506":0,"507":0,"508":0,"509":0,"510":0,"511":0,"512":0,"513":0,"514":0,"515":1,"516":0,"517":0,"518":0,"519":0,"520":0,"521":0,"522":0,"523":0,"524":0,"525":0,"526":0,"527":0,"528":0,"529":0,"530":0,"531":1,"532":0,"533":1,"534":0,"535":1,"536":0,"537":0,"538":1,"539":0,"540":1,"541":0,"542":1,"543":0,"544":0,"545":0,"546":0,"547":0,"548":0,"549":0,"550":0,"551":0,"552":0,"553":1,"554":0,"555":0,"556":0,"557":0,"558":0,"559":0,"560":1,"561":0,"562":1,"563":0,"564":0,"565":0,"566":0,"567":0,"568":0,"569":0,"570":0,"571":0,"572":0,"573":0,"574":0,"575":0,"576":0,"577":0,"578":0,"579":0,"580":0,"581":0,"582":0,"583":0,"584":0,"585":0,"586":0,"587":0,"588":0,"589":0,"590":0,"591":0,"592":0,"593":0,"594":0,"595":0,"596":0,"597":0,"598":0,"599":0,"600":0,"601":0,"602":0,"603":0,"604":0,"605":0,"606":0,"607":0,"608":0,"609":0,"610":0,"611":0,"612":0,"613":0,"614":0,"615":0,"616":0,"617":0,"618":0,"619":0,"620":0,"621":0,"622":0,"623":0,"624":0,"625":0,"626":0,"627":0,"628":0,"629":0,"630":0,"631":0,"632":0,"633":0,"634":0,"635":0,"636":0,"637":0,"638":0,"639":0,"640":0,"641":0,"642":0,"643":0,"644":0,"645":1,"646":0,"647":1,"648":0,"649":0,"650":0,"651":1,"652":0,"653":0,"654":0,"655":0,"656":0,"657":0,"658":0,"659":0,"660":0,"661":0,"662":0,"663":0,"664":0,"665":0,"666":0,"667":0,"668":0,"669":0,"670":0,"671":0,"672":0,"673":0,"674":0,"675":0,"676":0,"677":0,"678":0,"679":0,"680":0,"681":0,"682":0,"683":0,"684":0,"685":0,"686":0,"687":0,"688":0,"689":0,"690":0,"691":0,"692":0,"693":0,"694":0,"695":0,"696":0,"697":0,"698":0,"699":0,"700":0,"701":0,"702":0,"703":0,"704":0,"705":0,"706":0,"707":0,"708":0,"709":0,"710":0,"711":0,"712":0,"713":0,"714":0,"715":0,"716":0,"717":0,"718":0,"719":0,"720":0,"721":0,"722":0,"723":0,"724":0,"725":0,"726":0,"727":0,"728":0,"729":0,"730":0,"731":0,"732":0,"733":0,"734":0,"735":0,"736":0,"737":0,"738":0,"739":0,"740":0,"741":1,"742":1,"743":1,"744":0,"745":0},"b":{"1":[0,0],"2":[0,0],"3":[0,0],"4":[0,0],"5":[0,0],"6":[0,0],"7":[0,0],"8":[0,0],"9":[0,0],"10":[0,0],"11":[0,0],"12":[0,0],"13":[0,0],"14":[0,0],"15":[0,0],"16":[0,0],"17":[0,0],"18":[0,0],"19":[0,0],"20":[0,0],"21":[0,0],"22":[0,0],"23":[0,0],"24":[0,0],"25":[0,0,0,0],"26":[0,0],"27":[0,0],"28":[0,0],"29":[0,0],"30":[0,0],"31":[0,0],"32":[0,0],"33":[0,0],"34":[0,0],"35":[0,0],"36":[0,0],"37":[0,0],"38":[0,0],"39":[0,0],"40":[0,0],"41":[0,0],"42":[0,0],"43":[0,0],"44":[0,0],"45":[0,0],"46":[0,0],"47":[0,0],"48":[0,0],"49":[0,0],"50":[0,0],"51":[0,0],"52":[0,0],"53":[0,0],"54":[0,0],"55":[0,0],"56":[0,0],"57":[0,0,0],"58":[0,0],"59":[0,0],"60":[0,0],"61":[0,0],"62":[0,0],"63":[0,0],"64":[0,0],"65":[0,0],"66":[0,0],"67":[0,0],"68":[0,0],"69":[0,0],"70":[0,0],"71":[0,0],"72":[0,0],"73":[0,0],"74":[0,0],"75":[0,0],"76":[0,0],"77":[0,0],"78":[0,0],"79":[0,0],"80":[0,0],"81":[0,0],"82":[0,0],"83":[0,0,0,0,0],"84":[0,0],"85":[0,0],"86":[0,0,0,0,0,0],"87":[0,0],"88":[0,0],"89":[0,0],"90":[0,0],"91":[0,0],"92":[0,0],"93":[0,0],"94":[0,0],"95":[0,0],"96":[0,0],"97":[0,0],"98":[0,0],"99":[0,0],"100":[0,0],"101":[0,0],"102":[0,0],"103":[0,0],"104":[0,0],"105":[0,0],"106":[0,0],"107":[0,0],"108":[0,0],"109":[0,0],"110":[0,0],"111":[0,0],"112":[0,0],"113":[0,0],"114":[0,0],"115":[0,0],"116":[0,0],"117":[0,0,0],"118":[0,0],"119":[0,0],"120":[0,0],"121":[0,0],"122":[0,0],"123":[0,0],"124":[0,0],"125":[0,0],"126":[0,0],"127":[0,0],"128":[0,0],"129":[0,0],"130":[0,0],"131":[0,0],"132":[0,0],"133":[0,0],"134":[0,0],"135":[0,0],"136":[0,0],"137":[0,0],"138":[0,0],"139":[0,0],"140":[0,0],"141":[0,0],"142":[0,0],"143":[0,0],"144":[0,0],"145":[0,0],"146":[0,0],"147":[0,0],"148":[0,0],"149":[0,0],"150":[0,0,0],"151":[0,0],"152":[0,0],"153":[0,0],"154":[0,0],"155":[0,0],"156":[0,0],"157":[0,0],"158":[0,0],"159":[0,0],"160":[0,0],"161":[0,0],"162":[0,0],"163":[0,0],"164":[0,0,0],"165":[0,0],"166":[0,0,0,0,0,0,0],"167":[0,0],"168":[0,0],"169":[0,0],"170":[0,0],"171":[0,0],"172":[0,0],"173":[0,0],"174":[0,0],"175":[0,0,0],"176":[0,0,0,0],"177":[0,0,0,0,0],"178":[0,0],"179":[0,0],"180":[0,0],"181":[0,0],"182":[0,0],"183":[0,0],"184":[0,0],"185":[0,0],"186":[0,0],"187":[0,0],"188":[0,0],"189":[0,0],"190":[0,0],"191":[0,0],"192":[0,0],"193":[0,0],"194":[0,0],"195":[0,0],"196":[0,0],"197":[0,0],"198":[0,0],"199":[0,0],"200":[0,0],"201":[0,0],"202":[0,0],"203":[0,0],"204":[0,0],"205":[0,0],"206":[0,0],"207":[0,0],"208":[0,0],"209":[0,0],"210":[0,0],"211":[0,0],"212":[0,0],"213":[0,0],"214":[0,0],"215":[0,0],"216":[0,0,0,0],"217":[0,0],"218":[0,0],"219":[0,0],"220":[0,0],"221":[0,0,0],"222":[0,0],"223":[1,0],"224":[0,1]},"f":{"1":0,"2":0,"3":0,"4":0,"5":0,"6":0,"7":0,"8":0,"9":0,"10":0,"11":0,"12":0,"13":0,"14":0,"15":0,"16":0,"17":0,"18":0,"19":0,"20":0,"21":0,"22":0,"23":0,"24":0,"25":0,"26":0,"27":0,"28":0,"29":0,"30":0,"31":0,"32":0,"33":0,"34":0,"35":0,"36":0,"37":0,"38":0,"39":0,"40":0,"41":0,"42":0,"43":0,"44":0,"45":0,"46":0,"47":0,"48":0,"49":0,"50":0,"51":0,"52":0,"53":0,"54":0,"55":0,"56":0,"57":0,"58":0,"59":0,"60":0,"61":0,"62":0,"63":0,"64":0,"65":0,"66":0,"67":0,"68":0,"69":0},"fnMap":{"1":{"name":"(anonymous_1)","line":36,"loc":{"start":{"line":36,"column":12},"end":{"line":36,"column":26}}},"2":{"name":"clear","line":175,"loc":{"start":{"line":175,"column":2},"end":{"line":175,"column":19}}},"3":{"name":"reset","line":188,"loc":{"start":{"line":188,"column":2},"end":{"line":188,"column":19}}},"4":{"name":"load","line":192,"loc":{"start":{"line":192,"column":2},"end":{"line":192,"column":21}}},"5":{"name":"validate_fen","line":246,"loc":{"start":{"line":246,"column":2},"end":{"line":246,"column":29}}},"6":{"name":"generate_fen","line":334,"loc":{"start":{"line":334,"column":2},"end":{"line":334,"column":26}}},"7":{"name":"set_header","line":380,"loc":{"start":{"line":380,"column":2},"end":{"line":380,"column":28}}},"8":{"name":"update_setup","line":396,"loc":{"start":{"line":396,"column":2},"end":{"line":396,"column":29}}},"9":{"name":"get","line":408,"loc":{"start":{"line":408,"column":2},"end":{"line":408,"column":23}}},"10":{"name":"put","line":413,"loc":{"start":{"line":413,"column":2},"end":{"line":413,"column":30}}},"11":{"name":"remove","line":447,"loc":{"start":{"line":447,"column":2},"end":{"line":447,"column":26}}},"12":{"name":"build_move","line":459,"loc":{"start":{"line":459,"column":2},"end":{"line":459,"column":57}}},"13":{"name":"generate_moves","line":481,"loc":{"start":{"line":481,"column":2},"end":{"line":481,"column":35}}},"14":{"name":"add_move","line":482,"loc":{"start":{"line":482,"column":4},"end":{"line":482,"column":53}}},"15":{"name":"move_to_san","line":643,"loc":{"start":{"line":643,"column":2},"end":{"line":643,"column":37}}},"16":{"name":"stripped_san","line":686,"loc":{"start":{"line":686,"column":2},"end":{"line":686,"column":30}}},"17":{"name":"attacked","line":690,"loc":{"start":{"line":690,"column":2},"end":{"line":690,"column":35}}},"18":{"name":"king_attacked","line":731,"loc":{"start":{"line":731,"column":2},"end":{"line":731,"column":32}}},"19":{"name":"in_check","line":735,"loc":{"start":{"line":735,"column":2},"end":{"line":735,"column":22}}},"20":{"name":"in_checkmate","line":739,"loc":{"start":{"line":739,"column":2},"end":{"line":739,"column":26}}},"21":{"name":"in_stalemate","line":743,"loc":{"start":{"line":743,"column":2},"end":{"line":743,"column":26}}},"22":{"name":"insufficient_material","line":747,"loc":{"start":{"line":747,"column":2},"end":{"line":747,"column":35}}},"23":{"name":"in_threefold_repetition","line":788,"loc":{"start":{"line":788,"column":2},"end":{"line":788,"column":37}}},"24":{"name":"push","line":824,"loc":{"start":{"line":824,"column":2},"end":{"line":824,"column":22}}},"25":{"name":"make_move","line":836,"loc":{"start":{"line":836,"column":2},"end":{"line":836,"column":27}}},"26":{"name":"undo_move","line":927,"loc":{"start":{"line":927,"column":2},"end":{"line":927,"column":23}}},"27":{"name":"get_disambiguator","line":977,"loc":{"start":{"line":977,"column":2},"end":{"line":977,"column":43}}},"28":{"name":"ascii","line":1031,"loc":{"start":{"line":1031,"column":2},"end":{"line":1031,"column":19}}},"29":{"name":"move_from_san","line":1062,"loc":{"start":{"line":1062,"column":2},"end":{"line":1062,"column":39}}},"30":{"name":"rank","line":1103,"loc":{"start":{"line":1103,"column":2},"end":{"line":1103,"column":19}}},"31":{"name":"file","line":1107,"loc":{"start":{"line":1107,"column":2},"end":{"line":1107,"column":19}}},"32":{"name":"algebraic","line":1111,"loc":{"start":{"line":1111,"column":2},"end":{"line":1111,"column":23}}},"33":{"name":"swap_color","line":1116,"loc":{"start":{"line":1116,"column":2},"end":{"line":1116,"column":25}}},"34":{"name":"is_digit","line":1120,"loc":{"start":{"line":1120,"column":2},"end":{"line":1120,"column":23}}},"35":{"name":"make_pretty","line":1125,"loc":{"start":{"line":1125,"column":2},"end":{"line":1125,"column":34}}},"36":{"name":"clone","line":1143,"loc":{"start":{"line":1143,"column":2},"end":{"line":1143,"column":22}}},"37":{"name":"trim","line":1157,"loc":{"start":{"line":1157,"column":2},"end":{"line":1157,"column":21}}},"38":{"name":"perft","line":1164,"loc":{"start":{"line":1164,"column":2},"end":{"line":1164,"column":24}}},"39":{"name":"(anonymous_39)","line":1197,"loc":{"start":{"line":1197,"column":14},"end":{"line":1197,"column":25}}},"40":{"name":"(anonymous_40)","line":1216,"loc":{"start":{"line":1216,"column":10},"end":{"line":1216,"column":24}}},"41":{"name":"(anonymous_41)","line":1220,"loc":{"start":{"line":1220,"column":11},"end":{"line":1220,"column":22}}},"42":{"name":"(anonymous_42)","line":1224,"loc":{"start":{"line":1224,"column":11},"end":{"line":1224,"column":29}}},"43":{"name":"(anonymous_43)","line":1250,"loc":{"start":{"line":1250,"column":14},"end":{"line":1250,"column":25}}},"44":{"name":"(anonymous_44)","line":1254,"loc":{"start":{"line":1254,"column":18},"end":{"line":1254,"column":29}}},"45":{"name":"(anonymous_45)","line":1258,"loc":{"start":{"line":1258,"column":18},"end":{"line":1258,"column":29}}},"46":{"name":"(anonymous_46)","line":1262,"loc":{"start":{"line":1262,"column":13},"end":{"line":1262,"column":24}}},"47":{"name":"(anonymous_47)","line":1269,"loc":{"start":{"line":1269,"column":27},"end":{"line":1269,"column":38}}},"48":{"name":"(anonymous_48)","line":1273,"loc":{"start":{"line":1273,"column":29},"end":{"line":1273,"column":40}}},"49":{"name":"(anonymous_49)","line":1277,"loc":{"start":{"line":1277,"column":15},"end":{"line":1277,"column":26}}},"50":{"name":"(anonymous_50)","line":1285,"loc":{"start":{"line":1285,"column":18},"end":{"line":1285,"column":32}}},"51":{"name":"(anonymous_51)","line":1289,"loc":{"start":{"line":1289,"column":9},"end":{"line":1289,"column":20}}},"52":{"name":"(anonymous_52)","line":1293,"loc":{"start":{"line":1293,"column":9},"end":{"line":1293,"column":27}}},"53":{"name":"(anonymous_53)","line":1388,"loc":{"start":{"line":1388,"column":14},"end":{"line":1388,"column":37}}},"54":{"name":"mask","line":1394,"loc":{"start":{"line":1394,"column":6},"end":{"line":1394,"column":25}}},"55":{"name":"has_keys","line":1398,"loc":{"start":{"line":1398,"column":6},"end":{"line":1398,"column":32}}},"56":{"name":"parse_pgn_header","line":1405,"loc":{"start":{"line":1405,"column":6},"end":{"line":1405,"column":49}}},"57":{"name":"(anonymous_57)","line":1515,"loc":{"start":{"line":1515,"column":12},"end":{"line":1515,"column":23}}},"58":{"name":"(anonymous_58)","line":1519,"loc":{"start":{"line":1519,"column":11},"end":{"line":1519,"column":22}}},"59":{"name":"(anonymous_59)","line":1523,"loc":{"start":{"line":1523,"column":10},"end":{"line":1523,"column":21}}},"60":{"name":"(anonymous_60)","line":1527,"loc":{"start":{"line":1527,"column":10},"end":{"line":1527,"column":34}}},"61":{"name":"(anonymous_61)","line":1577,"loc":{"start":{"line":1577,"column":10},"end":{"line":1577,"column":21}}},"62":{"name":"(anonymous_62)","line":1582,"loc":{"start":{"line":1582,"column":11},"end":{"line":1582,"column":22}}},"63":{"name":"(anonymous_63)","line":1586,"loc":{"start":{"line":1586,"column":9},"end":{"line":1586,"column":33}}},"64":{"name":"(anonymous_64)","line":1590,"loc":{"start":{"line":1590,"column":9},"end":{"line":1590,"column":26}}},"65":{"name":"(anonymous_65)","line":1594,"loc":{"start":{"line":1594,"column":12},"end":{"line":1594,"column":29}}},"66":{"name":"(anonymous_66)","line":1598,"loc":{"start":{"line":1598,"column":11},"end":{"line":1598,"column":27}}},"67":{"name":"(anonymous_67)","line":1602,"loc":{"start":{"line":1602,"column":18},"end":{"line":1602,"column":35}}},"68":{"name":"(anonymous_68)","line":1611,"loc":{"start":{"line":1611,"column":13},"end":{"line":1611,"column":31}}},"69":{"name":"(anonymous_69)","line":1641,"loc":{"start":{"line":1641,"column":43},"end":{"line":1641,"column":55}}}},"statementMap":{"1":{"start":{"line":36,"column":0},"end":{"line":1635,"column":2}},"2":{"start":{"line":40,"column":2},"end":{"line":40,"column":18}},"3":{"start":{"line":41,"column":2},"end":{"line":41,"column":18}},"4":{"start":{"line":43,"column":2},"end":{"line":43,"column":17}},"5":{"start":{"line":45,"column":2},"end":{"line":45,"column":17}},"6":{"start":{"line":46,"column":2},"end":{"line":46,"column":19}},"7":{"start":{"line":47,"column":2},"end":{"line":47,"column":19}},"8":{"start":{"line":48,"column":2},"end":{"line":48,"column":17}},"9":{"start":{"line":49,"column":2},"end":{"line":49,"column":18}},"10":{"start":{"line":50,"column":2},"end":{"line":50,"column":17}},"11":{"start":{"line":52,"column":2},"end":{"line":52,"column":31}},"12":{"start":{"line":54,"column":2},"end":{"line":54,"column":84}},"13":{"start":{"line":56,"column":2},"end":{"line":56,"column":56}},"14":{"start":{"line":58,"column":2},"end":{"line":61,"column":4}},"15":{"start":{"line":63,"column":2},"end":{"line":69,"column":4}},"16":{"start":{"line":71,"column":2},"end":{"line":87,"column":4}},"17":{"start":{"line":89,"column":2},"end":{"line":105,"column":4}},"18":{"start":{"line":107,"column":2},"end":{"line":107,"column":54}},"19":{"start":{"line":109,"column":2},"end":{"line":117,"column":4}},"20":{"start":{"line":119,"column":2},"end":{"line":127,"column":4}},"21":{"start":{"line":129,"column":2},"end":{"line":129,"column":17}},"22":{"start":{"line":130,"column":2},"end":{"line":130,"column":17}},"23":{"start":{"line":131,"column":2},"end":{"line":131,"column":17}},"24":{"start":{"line":132,"column":2},"end":{"line":132,"column":17}},"25":{"start":{"line":133,"column":2},"end":{"line":133,"column":17}},"26":{"start":{"line":134,"column":2},"end":{"line":134,"column":17}},"27":{"start":{"line":135,"column":2},"end":{"line":135,"column":17}},"28":{"start":{"line":136,"column":2},"end":{"line":136,"column":17}},"29":{"start":{"line":138,"column":2},"end":{"line":147,"column":4}},"30":{"start":{"line":149,"column":2},"end":{"line":154,"column":4}},"31":{"start":{"line":156,"column":2},"end":{"line":156,"column":29}},"32":{"start":{"line":157,"column":2},"end":{"line":157,"column":35}},"33":{"start":{"line":158,"column":2},"end":{"line":158,"column":19}},"34":{"start":{"line":159,"column":2},"end":{"line":159,"column":30}},"35":{"start":{"line":160,"column":2},"end":{"line":160,"column":24}},"36":{"start":{"line":161,"column":2},"end":{"line":161,"column":21}},"37":{"start":{"line":162,"column":2},"end":{"line":162,"column":22}},"38":{"start":{"line":163,"column":2},"end":{"line":163,"column":19}},"39":{"start":{"line":164,"column":2},"end":{"line":164,"column":18}},"40":{"start":{"line":169,"column":2},"end":{"line":173,"column":3}},"41":{"start":{"line":170,"column":4},"end":{"line":170,"column":27}},"42":{"start":{"line":172,"column":4},"end":{"line":172,"column":14}},"43":{"start":{"line":175,"column":2},"end":{"line":186,"column":3}},"44":{"start":{"line":176,"column":4},"end":{"line":176,"column":27}},"45":{"start":{"line":177,"column":4},"end":{"line":177,"column":33}},"46":{"start":{"line":178,"column":4},"end":{"line":178,"column":17}},"47":{"start":{"line":179,"column":4},"end":{"line":179,"column":28}},"48":{"start":{"line":180,"column":4},"end":{"line":180,"column":22}},"49":{"start":{"line":181,"column":4},"end":{"line":181,"column":19}},"50":{"start":{"line":182,"column":4},"end":{"line":182,"column":20}},"51":{"start":{"line":183,"column":4},"end":{"line":183,"column":17}},"52":{"start":{"line":184,"column":4},"end":{"line":184,"column":16}},"53":{"start":{"line":185,"column":4},"end":{"line":185,"column":33}},"54":{"start":{"line":188,"column":2},"end":{"line":190,"column":3}},"55":{"start":{"line":189,"column":4},"end":{"line":189,"column":27}},"56":{"start":{"line":192,"column":2},"end":{"line":239,"column":3}},"57":{"start":{"line":193,"column":4},"end":{"line":193,"column":34}},"58":{"start":{"line":194,"column":4},"end":{"line":194,"column":29}},"59":{"start":{"line":195,"column":4},"end":{"line":195,"column":19}},"60":{"start":{"line":197,"column":4},"end":{"line":199,"column":5}},"61":{"start":{"line":198,"column":6},"end":{"line":198,"column":19}},"62":{"start":{"line":201,"column":4},"end":{"line":201,"column":12}},"63":{"start":{"line":203,"column":4},"end":{"line":215,"column":5}},"64":{"start":{"line":204,"column":6},"end":{"line":204,"column":37}},"65":{"start":{"line":206,"column":6},"end":{"line":214,"column":7}},"66":{"start":{"line":207,"column":8},"end":{"line":207,"column":20}},"67":{"start":{"line":208,"column":13},"end":{"line":214,"column":7}},"68":{"start":{"line":209,"column":8},"end":{"line":209,"column":38}},"69":{"start":{"line":211,"column":8},"end":{"line":211,"column":50}},"70":{"start":{"line":212,"column":8},"end":{"line":212,"column":74}},"71":{"start":{"line":213,"column":8},"end":{"line":213,"column":17}},"72":{"start":{"line":217,"column":4},"end":{"line":217,"column":21}},"73":{"start":{"line":219,"column":4},"end":{"line":221,"column":5}},"74":{"start":{"line":220,"column":6},"end":{"line":220,"column":38}},"75":{"start":{"line":222,"column":4},"end":{"line":224,"column":5}},"76":{"start":{"line":223,"column":6},"end":{"line":223,"column":38}},"77":{"start":{"line":225,"column":4},"end":{"line":227,"column":5}},"78":{"start":{"line":226,"column":6},"end":{"line":226,"column":38}},"79":{"start":{"line":228,"column":4},"end":{"line":230,"column":5}},"80":{"start":{"line":229,"column":6},"end":{"line":229,"column":38}},"81":{"start":{"line":232,"column":4},"end":{"line":232,"column":65}},"82":{"start":{"line":233,"column":4},"end":{"line":233,"column":41}},"83":{"start":{"line":234,"column":4},"end":{"line":234,"column":42}},"84":{"start":{"line":236,"column":4},"end":{"line":236,"column":33}},"85":{"start":{"line":238,"column":4},"end":{"line":238,"column":16}},"86":{"start":{"line":246,"column":2},"end":{"line":332,"column":3}},"87":{"start":{"line":247,"column":4},"end":{"line":260,"column":6}},"88":{"start":{"line":263,"column":4},"end":{"line":263,"column":34}},"89":{"start":{"line":264,"column":4},"end":{"line":266,"column":5}},"90":{"start":{"line":265,"column":6},"end":{"line":265,"column":63}},"91":{"start":{"line":269,"column":4},"end":{"line":271,"column":5}},"92":{"start":{"line":270,"column":6},"end":{"line":270,"column":63}},"93":{"start":{"line":274,"column":4},"end":{"line":276,"column":5}},"94":{"start":{"line":275,"column":6},"end":{"line":275,"column":63}},"95":{"start":{"line":279,"column":4},"end":{"line":281,"column":5}},"96":{"start":{"line":280,"column":6},"end":{"line":280,"column":63}},"97":{"start":{"line":284,"column":4},"end":{"line":286,"column":5}},"98":{"start":{"line":285,"column":6},"end":{"line":285,"column":63}},"99":{"start":{"line":289,"column":4},"end":{"line":291,"column":5}},"100":{"start":{"line":290,"column":6},"end":{"line":290,"column":63}},"101":{"start":{"line":294,"column":4},"end":{"line":294,"column":36}},"102":{"start":{"line":295,"column":4},"end":{"line":297,"column":5}},"103":{"start":{"line":296,"column":6},"end":{"line":296,"column":63}},"104":{"start":{"line":300,"column":4},"end":{"line":323,"column":5}},"105":{"start":{"line":302,"column":6},"end":{"line":302,"column":25}},"106":{"start":{"line":303,"column":6},"end":{"line":303,"column":38}},"107":{"start":{"line":305,"column":6},"end":{"line":319,"column":7}},"108":{"start":{"line":306,"column":8},"end":{"line":318,"column":9}},"109":{"start":{"line":307,"column":10},"end":{"line":309,"column":11}},"110":{"start":{"line":308,"column":12},"end":{"line":308,"column":69}},"111":{"start":{"line":310,"column":10},"end":{"line":310,"column":49}},"112":{"start":{"line":311,"column":10},"end":{"line":311,"column":37}},"113":{"start":{"line":313,"column":10},"end":{"line":315,"column":11}},"114":{"start":{"line":314,"column":12},"end":{"line":314,"column":69}},"115":{"start":{"line":316,"column":10},"end":{"line":316,"column":26}},"116":{"start":{"line":317,"column":10},"end":{"line":317,"column":38}},"117":{"start":{"line":320,"column":6},"end":{"line":322,"column":7}},"118":{"start":{"line":321,"column":8},"end":{"line":321,"column":67}},"119":{"start":{"line":325,"column":4},"end":{"line":328,"column":5}},"120":{"start":{"line":327,"column":10},"end":{"line":327,"column":69}},"121":{"start":{"line":331,"column":4},"end":{"line":331,"column":60}},"122":{"start":{"line":334,"column":2},"end":{"line":378,"column":3}},"123":{"start":{"line":335,"column":4},"end":{"line":335,"column":18}},"124":{"start":{"line":336,"column":4},"end":{"line":336,"column":17}},"125":{"start":{"line":338,"column":4},"end":{"line":365,"column":5}},"126":{"start":{"line":339,"column":6},"end":{"line":351,"column":7}},"127":{"start":{"line":340,"column":8},"end":{"line":340,"column":16}},"128":{"start":{"line":342,"column":8},"end":{"line":345,"column":9}},"129":{"start":{"line":343,"column":10},"end":{"line":343,"column":23}},"130":{"start":{"line":344,"column":10},"end":{"line":344,"column":20}},"131":{"start":{"line":346,"column":8},"end":{"line":346,"column":35}},"132":{"start":{"line":347,"column":8},"end":{"line":347,"column":34}},"133":{"start":{"line":349,"column":8},"end":{"line":350,"column":59}},"134":{"start":{"line":353,"column":6},"end":{"line":364,"column":7}},"135":{"start":{"line":354,"column":8},"end":{"line":356,"column":9}},"136":{"start":{"line":355,"column":10},"end":{"line":355,"column":23}},"137":{"start":{"line":358,"column":8},"end":{"line":360,"column":9}},"138":{"start":{"line":359,"column":10},"end":{"line":359,"column":21}},"139":{"start":{"line":362,"column":8},"end":{"line":362,"column":18}},"140":{"start":{"line":363,"column":8},"end":{"line":363,"column":15}},"141":{"start":{"line":367,"column":4},"end":{"line":367,"column":20}},"142":{"start":{"line":368,"column":4},"end":{"line":368,"column":63}},"143":{"start":{"line":368,"column":47},"end":{"line":368,"column":61}},"144":{"start":{"line":369,"column":4},"end":{"line":369,"column":63}},"145":{"start":{"line":369,"column":47},"end":{"line":369,"column":61}},"146":{"start":{"line":370,"column":4},"end":{"line":370,"column":63}},"147":{"start":{"line":370,"column":47},"end":{"line":370,"column":61}},"148":{"start":{"line":371,"column":4},"end":{"line":371,"column":63}},"149":{"start":{"line":371,"column":47},"end":{"line":371,"column":61}},"150":{"start":{"line":374,"column":4},"end":{"line":374,"column":27}},"151":{"start":{"line":375,"column":4},"end":{"line":375,"column":69}},"152":{"start":{"line":377,"column":4},"end":{"line":377,"column":75}},"153":{"start":{"line":380,"column":2},"end":{"line":388,"column":3}},"154":{"start":{"line":381,"column":4},"end":{"line":386,"column":5}},"155":{"start":{"line":382,"column":6},"end":{"line":385,"column":7}},"156":{"start":{"line":384,"column":8},"end":{"line":384,"column":38}},"157":{"start":{"line":387,"column":4},"end":{"line":387,"column":18}},"158":{"start":{"line":396,"column":2},"end":{"line":406,"column":3}},"159":{"start":{"line":397,"column":4},"end":{"line":397,"column":35}},"160":{"start":{"line":397,"column":28},"end":{"line":397,"column":35}},"161":{"start":{"line":399,"column":4},"end":{"line":405,"column":5}},"162":{"start":{"line":400,"column":6},"end":{"line":400,"column":28}},"163":{"start":{"line":401,"column":6},"end":{"line":401,"column":26}},"164":{"start":{"line":403,"column":6},"end":{"line":403,"column":29}},"165":{"start":{"line":404,"column":6},"end":{"line":404,"column":27}},"166":{"start":{"line":408,"column":2},"end":{"line":411,"column":3}},"167":{"start":{"line":409,"column":4},"end":{"line":409,"column":39}},"168":{"start":{"line":410,"column":4},"end":{"line":410,"column":67}},"169":{"start":{"line":413,"column":2},"end":{"line":445,"column":3}},"170":{"start":{"line":415,"column":4},"end":{"line":417,"column":5}},"171":{"start":{"line":416,"column":6},"end":{"line":416,"column":19}},"172":{"start":{"line":420,"column":4},"end":{"line":422,"column":5}},"173":{"start":{"line":421,"column":6},"end":{"line":421,"column":19}},"174":{"start":{"line":425,"column":4},"end":{"line":427,"column":5}},"175":{"start":{"line":426,"column":6},"end":{"line":426,"column":19}},"176":{"start":{"line":429,"column":4},"end":{"line":429,"column":29}},"177":{"start":{"line":432,"column":4},"end":{"line":435,"column":5}},"178":{"start":{"line":434,"column":6},"end":{"line":434,"column":19}},"179":{"start":{"line":437,"column":4},"end":{"line":437,"column":55}},"180":{"start":{"line":438,"column":4},"end":{"line":440,"column":5}},"181":{"start":{"line":439,"column":6},"end":{"line":439,"column":30}},"182":{"start":{"line":442,"column":4},"end":{"line":442,"column":33}},"183":{"start":{"line":444,"column":4},"end":{"line":444,"column":16}},"184":{"start":{"line":447,"column":2},"end":{"line":457,"column":3}},"185":{"start":{"line":448,"column":4},"end":{"line":448,"column":28}},"186":{"start":{"line":449,"column":4},"end":{"line":449,"column":34}},"187":{"start":{"line":450,"column":4},"end":{"line":452,"column":5}},"188":{"start":{"line":451,"column":6},"end":{"line":451,"column":33}},"189":{"start":{"line":454,"column":4},"end":{"line":454,"column":33}},"190":{"start":{"line":456,"column":4},"end":{"line":456,"column":17}},"191":{"start":{"line":459,"column":2},"end":{"line":479,"column":3}},"192":{"start":{"line":460,"column":4},"end":{"line":466,"column":6}},"193":{"start":{"line":468,"column":4},"end":{"line":471,"column":5}},"194":{"start":{"line":469,"column":6},"end":{"line":469,"column":35}},"195":{"start":{"line":470,"column":6},"end":{"line":470,"column":33}},"196":{"start":{"line":473,"column":4},"end":{"line":477,"column":5}},"197":{"start":{"line":474,"column":6},"end":{"line":474,"column":37}},"198":{"start":{"line":475,"column":11},"end":{"line":477,"column":5}},"199":{"start":{"line":476,"column":8},"end":{"
[...]
*********************************/","    WHITE: WHITE,","    BLACK: BLACK,","    PAWN: PAWN,","    KNIGHT: KNIGHT,","    BISHOP: BISHOP,","    ROOK: ROOK,","    QUEEN: QUEEN,","    KING: KING,","    SQUARES: (function() {","                /* from the ECMA-262 spec (section 12.6.4):","                 * \"The mechanics of enumerating the properties ... is","                 * implementation dependent\"","                 * so: for (var sq in SQUARES) { keys.push(sq); } might not be","                 * ordered correctly","                 */","                var keys = [];","                for (var i = SQUARES.a8; i <= SQUARES.h1; i++) {","                  if (i & 0x88) { i += 7; continue; }","                  keys.push(algebraic(i));","                }","                return keys;","              })(),","    FLAGS: FLAGS,","","    /***************************************************************************","     * PUBLIC API","     **************************************************************************/","    load: function(fen) {","      return load(fen);","    },","","    reset: function() {","      return reset();","    },","","    moves: function(options) {","      /* The internal representation of a chess move is in 0x88 format, and","       * not meant to be human-readable.  The code below converts the 0x88","       * square coordinates to algebraic coordinates.  It also prunes an","       * unnecessary move keys resulting from a verbose call.","       */","","      var ugly_moves = generate_moves(options);","      var moves = [];","","      for (var i = 0, len = ugly_moves.length; i < len; i++) {","","        /* does the user want a full move object (most likely not), or just","         * SAN","         */","        if (typeof options !== 'undefined' && 'verbose' in options &&","            options.verbose) {","          moves.push(make_pretty(ugly_moves[i]));","        } else {","          moves.push(move_to_san(ugly_moves[i], false));","        }","      }","","      return moves;","    },","","    in_check: function() {","      return in_check();","    },","","    in_checkmate: function() {","      return in_checkmate();","    },","","    in_stalemate: function() {","      return in_stalemate();","    },","","    in_draw: function() {","      return half_moves >= 100 ||","             in_stalemate() ||","             insufficient_material() ||","             in_threefold_repetition();","    },","","    insufficient_material: function() {","      return insufficient_material();","    },","","    in_threefold_repetition: function() {","      return in_threefold_repetition();","    },","","    game_over: function() {","      return half_moves >= 100 ||","             in_checkmate() ||","             in_stalemate() ||","             insufficient_material() ||","             in_threefold_repetition();","    },","","    validate_fen: function(fen) {","      return validate_fen(fen);","    },","","    fen: function() {","      return generate_fen();","    },","","    pgn: function(options) {","      /* using the specification from http://www.chessclub.com/help/PGN-spec","       * example for html usage: .pgn({ max_width: 72, newline_char: \"<br />\" })","       */","      var newline = (typeof options === 'object' &&","                     typeof options.newline_char === 'string') ?","                     options.newline_char : '\\n';","      var max_width = (typeof options === 'object' &&","                       typeof options.max_width === 'number') ?","                       options.max_width : 0;","      var result = [];","      var header_exists = false;","","      /* add the PGN header headerrmation */","      for (var i in header) {","        /* TODO: order of enumerated properties in header object is not","         * guaranteed, see ECMA-262 spec (section 12.6.4)","         */","        result.push('[' + i + ' \\\"' + header[i] + '\\\"]' + newline);","        header_exists = true;","      }","","      if (header_exists && history.length) {","        result.push(newline);","      }","","      /* pop all of history onto reversed_history */","      var reversed_history = [];","      while (history.length > 0) {","        reversed_history.push(undo_move());","      }","","      var moves = [];","      var move_string = '';","","      /* build the list of moves.  a move_string looks like: \"3. e3 e6\" */","      while (reversed_history.length > 0) {","        var move = reversed_history.pop();","","        /* if the position started with black to move, start PGN with 1. ... */","        if (!history.length && move.color === 'b') {","          move_string = move_number + '. ...';","        } else if (move.color === 'w') {","          /* store the previous generated move_string if we have one */","          if (move_string.length) {","            moves.push(move_string);","          }","          move_string = move_number + '.';","        }","","        move_string = move_string + ' ' + move_to_san(move, false);","        make_move(move);","      }","","      /* are there any other leftover moves? */","      if (move_string.length) {","        moves.push(move_string);","      }","","      /* is there a result? */","      if (typeof header.Result !== 'undefined') {","        moves.push(header.Result);","      }","","      /* history should be back to what is was before we started generating PGN,","       * so join together moves","       */","      if (max_width === 0) {","        return result.join('') + moves.join(' ');","      }","","      /* wrap the PGN output at max_width */","      var current_width = 0;","      for (var i = 0; i < moves.length; i++) {","        /* if the current move will push past max_width */","        if (current_width + moves[i].length > max_width && i !== 0) {","","          /* don't end the line with whitespace */","          if (result[result.length - 1] === ' ') {","            result.pop();","          }","","          result.push(newline);","          current_width = 0;","        } else if (i !== 0) {","          result.push(' ');","          current_width++;","        }","        result.push(moves[i]);","        current_width += moves[i].length;","      }","","      return result.join('');","    },","","    load_pgn: function(pgn, options) {","      // allow the user to specify the sloppy move parser to work around over","      // disambiguation bugs in Fritz and Chessbase","      var sloppy = (typeof options !== 'undefined' && 'sloppy' in options) ?","                    options.sloppy : false;","","      function mask(str) {","        return str.replace(/\\\\/g, '\\\\');","      }","","      function has_keys(object) {","        for (var key in object) {","          return true;","        }","        return false;","      }","","      function parse_pgn_header(header, options) {","        var newline_char = (typeof options === 'object' &&","                            typeof options.newline_char === 'string') ?","                            options.newline_char : '\\r?\\n';","        var header_obj = {};","        var headers = header.split(new RegExp(mask(newline_char)));","        var key = '';","        var value = '';","","        for (var i = 0; i < headers.length; i++) {","          key = headers[i].replace(/^\\[([A-Z][A-Za-z]*)\\s.*\\]$/, '$1');","          value = headers[i].replace(/^\\[[A-Za-z]+\\s\"(.*)\"\\]$/, '$1');","          if (trim(key).length > 0) {","            header_obj[key] = value;","          }","        }","","        return header_obj;","      }","","      var newline_char = (typeof options === 'object' &&","                          typeof options.newline_char === 'string') ?","                          options.newline_char : '\\r?\\n';","      var regex = new RegExp('^(\\\\[(.|' + mask(newline_char) + ')*\\\\])' +","                             '(' + mask(newline_char) + ')*' +","                             '1.(' + mask(newline_char) + '|.)*$', 'g');","","      /* get header part of the PGN file */","      var header_string = pgn.replace(regex, '$1');","","      /* no info part given, begins with moves */","      if (header_string[0] !== '[') {","        header_string = '';","      }","","      reset();","","      /* parse PGN header */","      var headers = parse_pgn_header(header_string, options);","      for (var key in headers) {","        set_header([key, headers[key]]);","      }","","      /* load the starting position indicated by [Setup '1'] and","      * [FEN position] */","      if (headers['SetUp'] === '1') {","          if (!(('FEN' in headers) && load(headers['FEN']))) {","            return false;","          }","      }","","      /* delete header to get the moves */","      var ms = pgn.replace(header_string, '').replace(new RegExp(mask(newline_char), 'g'), ' ');","","      /* delete comments */","      ms = ms.replace(/(\\{[^}]+\\})+?/g, '');","","      /* delete recursive annotation variations */","      var rav_regex = /(\\([^\\(\\)]+\\))+?/g","      while (rav_regex.test(ms)) {","        ms = ms.replace(rav_regex, '');","      }","","      /* delete move numbers */","      ms = ms.replace(/\\d+\\.(\\.\\.)?/g, '');","","      /* delete ... indicating black to move */","      ms = ms.replace(/\\.\\.\\./g, '');","","      /* delete numeric annotation glyphs */","      ms = ms.replace(/\\$\\d+/g, '');","","      /* trim and get array of moves */","      var moves = trim(ms).split(new RegExp(/\\s+/));","","      /* delete empty entries */","      moves = moves.join(',').replace(/,,+/g, ',').split(',');","      var move = '';","","      for (var half_move = 0; half_move < moves.length - 1; half_move++) {","        move = move_from_san(moves[half_move], sloppy);","","        /* move not possible! (don't clear the board to examine to show the","         * latest valid position)","         */","        if (move == null) {","          return false;","        } else {","          make_move(move);","        }","      }","","      /* examine last move */","      move = moves[moves.length - 1];","      if (POSSIBLE_RESULTS.indexOf(move) > -1) {","        if (has_keys(header) && typeof header.Result === 'undefined') {","          set_header(['Result', move]);","        }","      }","      else {","        move = move_from_san(move, sloppy);","        if (move == null) {","          return false;","        } else {","          make_move(move);","        }","      }","      return true;","    },","","    header: function() {","      return set_header(arguments);","    },","","    ascii: function() {","      return ascii();","    },","","    turn: function() {","      return turn;","    },","","    move: function(move, options) {","      /* The move function can be called with in the following parameters:","       *","       * .move('Nxb7')      <- where 'move' is a case-sensitive SAN string","       *","       * .move({ from: 'h7', <- where the 'move' is a move object (additional","       *         to :'h8',      fields are ignored)","       *         promotion: 'q',","       *      })","       */","","      // allow the user to specify the sloppy move parser to work around over","      // disambiguation bugs in Fritz and Chessbase","      var sloppy = (typeof options !== 'undefined' && 'sloppy' in options) ?","                    options.sloppy : false;","","      var move_obj = null;","","      if (typeof move === 'string') {","        move_obj = move_from_san(move, sloppy);","      } else if (typeof move === 'object') {","        var moves = generate_moves();","","        /* convert the pretty move object to an ugly move object */","        for (var i = 0, len = moves.length; i < len; i++) {","          if (move.from === algebraic(moves[i].from) &&","              move.to === algebraic(moves[i].to) &&","              (!('promotion' in moves[i]) ||","              move.promotion === moves[i].promotion)) {","            move_obj = moves[i];","            break;","          }","        }","      }","","      /* failed to find move */","      if (!move_obj) {","        return null;","      }","","      /* need to make a copy of move because we can't generate SAN after the","       * move is made","       */","      var pretty_move = make_pretty(move_obj);","","      make_move(move_obj);","","      return pretty_move;","    },","","    undo: function() {","      var move = undo_move();","      return (move) ? make_pretty(move) : null;","    },","","    clear: function() {","      return clear();","    },","","    put: function(piece, square) {","      return put(piece, square);","    },","","    get: function(square) {","      return get(square);","    },","","    remove: function(square) {","      return remove(square);","    },","","    perft: function(depth) {","      return perft(depth);","    },","","    square_color: function(square) {","      if (square in SQUARES) {","        var sq_0x88 = SQUARES[square];","        return ((rank(sq_0x88) + file(sq_0x88)) % 2 === 0) ? 'light' : 'dark';","      }","","      return null;","    },","","    history: function(options) {","      var reversed_history = [];","      var move_history = [];","      var verbose = (typeof options !== 'undefined' && 'verbose' in options &&","                     options.verbose);","","      while (history.length > 0) {","        reversed_history.push(undo_move());","      }","","      while (reversed_history.length > 0) {","        var move = reversed_history.pop();","        if (verbose) {","          move_history.push(make_pretty(move));","        } else {","          move_history.push(move_to_san(move));","        }","        make_move(move);","      }","","      return move_history;","    }","","  };","};","","/* export Chess object if using node or any other CommonJS compatible"," * environment */","if (typeof exports !== 'undefined') exports.Chess = Chess;","/* export Chess object for any RequireJS compatible environment */","if (typeof define !== 'undefined') define( function () { return Chess;  });",""],"l":{"36":1,"40":0,"41":0,"43":0,"45":0,"46":0,"47":0,"48":0,"49":0,"50":0,"52":0,"54":0,"56":0,"58":0,"63":0,"71":0,"89":0,"107":0,"109":0,"119":0,"129":0,"130":0,"131":0,"132":0,"133":0,"134":0,"135":0,"136":0,"138":0,"149":0,"156":0,"157":0,"158":0,"159":0,"160":0,"161":0,"162":0,"163":0,"164":0,"169":0,"170":0,"172":0,"175":1,"176":0,"177":0,"178":0,"179":0,"180":0,"181":0,"182":0,"183":0,"184":0,"185":0,"188":1,"189":0,"192":1,"193":0,"194":0,"195":0,"197":0,"198":0,"201":0,"203":0,"204":0,"206":0,"207":0,"208":0,"209":0,"211":0,"212":0,"213":0,"217":0,"219":0,"220":0,"222":0,"223":0,"225":0,"226":0,"228":0,"229":0,"232":0,"233":0,"234":0,"236":0,"238":0,"246":1,"247":0,"263":0,"264":0,"265":0,"269":0,"270":0,"274":0,"275":0,"279":0,"280":0,"284":0,"285":0,"289":0,"290":0,"294":0,"295":0,"296":0,"300":0,"302":0,"303":0,"305":0,"306":0,"307":0,"308":0,"310":0,"311":0,"313":0,"314":0,"316":0,"317":0,"320":0,"321":0,"325":0,"327":0,"331":0,"334":1,"335":0,"336":0,"338":0,"339":0,"340":0,"342":0,"343":0,"344":0,"346":0,"347":0,"349":0,"353":0,"354":0,"355":0,"358":0,"359":0,"362":0,"363":0,"367":0,"368":0,"369":0,"370":0,"371":0,"374":0,"375":0,"377":0,"380":1,"381":0,"382":0,"384":0,"387":0,"396":1,"397":0,"399":0,"400":0,"401":0,"403":0,"404":0,"408":1,"409":0,"410":0,"413":1,"415":0,"416":0,"420":0,"421":0,"425":0,"426":0,"429":0,"432":0,"434":0,"437":0,"438":0,"439":0,"442":0,"444":0,"447":1,"448":0,"449":0,"450":0,"451":0,"454":0,"456":0,"459":1,"460":0,"468":0,"469":0,"470":0,"473":0,"474":0,"475":0,"476":0,"478":0,"481":1,"482":1,"484":0,"486":0,"487":0,"488":0,"491":0,"495":0,"496":0,"497":0,"498":0,"500":0,"501":0,"502":0,"505":0,"509":0,"510":0,"511":0,"512":0,"515":0,"519":0,"521":0,"523":0,"524":0,"525":0,"528":0,"530":0,"531":0,"532":0,"535":0,"536":0,"537":0,"542":0,"543":0,"544":0,"546":0,"548":0,"549":0,"550":0,"554":0,"555":0,"556":0,"558":0,"559":0,"560":0,"562":0,"563":0,"565":0,"566":0,"567":0,"571":0,"580":0,"582":0,"583":0,"584":0,"586":0,"591":0,"597":0,"598":0,"599":0,"601":0,"607":0,"616":0,"617":0,"621":0,"622":0,"623":0,"624":0,"625":0,"627":0,"630":0,"643":1,"645":0,"647":0,"648":0,"649":0,"650":0,"652":0,"654":0,"655":0,"658":0,"659":0,"660":0,"662":0,"665":0,"667":0,"668":0,"672":0,"673":0,"674":0,"675":0,"677":0,"680":0,"682":0,"686":1,"687":0,"690":1,"691":0,"693":0,"696":0,"698":0,"699":0,"700":0,"702":0,"703":0,"704":0,"705":0,"707":0,"709":0,"713":0,"715":0,"716":0,"718":0,"719":0,"720":0,"721":0,"724":0,"728":0,"731":1,"732":0,"735":1,"736":0,"739":1,"740":0,"743":1,"744":0,"747":1,"748":0,"749":0,"750":0,"751":0,"753":0,"754":0,"755":0,"757":0,"758":0,"759":0,"761":0,"762":0,"764":0,"769":0,"772":0,"773":0,"776":0,"777":0,"778":0,"779":0,"780":0,"782":0,"785":0,"788":1,"794":0,"795":0,"796":0,"798":0,"799":0,"800":0,"801":0,"804":0,"807":0,"810":0,"811":0,"812":0,"815":0,"816":0,"818":0,"821":0,"824":1,"825":0,"836":1,"837":0,"838":0,"839":0,"841":0,"842":0,"845":0,"846":0,"847":0,"849":0,"854":0,"855":0,"859":0,"860":0,"863":0,"864":0,"865":0,"866":0,"867":0,"868":0,"869":0,"870":0,"871":0,"872":0,"876":0,"880":0,"881":0,"882":0,"884":0,"885":0,"891":0,"892":0,"893":0,"895":0,"896":0,"902":0,"903":0,"904":0,"906":0,"909":0,"913":0,"914":0,"915":0,"916":0,"918":0,"921":0,"922":0,"924":0,"927":1,"928":0,"929":0,"931":0,"932":0,"933":0,"934":0,"935":0,"936":0,"937":0,"939":0,"940":0,"942":0,"943":0,"944":0,"946":0,"947":0,"948":0,"949":0,"950":0,"951":0,"953":0,"955":0,"959":0,"960":0,"961":0,"962":0,"963":0,"964":0,"965":0,"966":0,"969":0,"970":0,"973":0,"977":1,"978":0,"980":0,"981":0,"982":0,"984":0,"985":0,"986":0,"988":0,"989":0,"990":0,"991":0,"996":0,"997":0,"999":0,"1000":0,"1003":0,"1004":0,"1009":0,"1013":0,"1014":0,"1019":0,"1020":0,"1024":0,"1028":0,"1031":1,"1032":0,"1033":0,"1035":0,"1036":0,"1040":0,"1041":0,"1043":0,"1044":0,"1045":0,"1047":0,"1050":0,"1051":0,"1052":0,"1055":0,"1056":0,"1058":0,"1062":1,"1064":0,"1068":0,"1069":0,"1070":0,"1071":0,"1072":0,"1073":0,"1074":0,"1078":0,"1079":0,"1082":0,"1084":0,"1086":0,"1091":0,"1096":0,"1103":1,"1104":0,"1107":1,"1108":0,"1111":1,"1112":0,"1113":0,"1116":1,"1117":0,"1120":1,"1121":0,"1125":1,"1126":0,"1127":0,"1128":0,"1129":0,"1131":0,"1133":0,"1134":0,"1135":0,"1138":0,"1140":0,"1143":1,"1144":0,"1146":0,"1147":0,"1148":0,"1150":0,"1154":0,"1157":1,"1158":0,"1164":1,"1165":0,"1166":0,"1167":0,"1169":0,"1170":0,"1171":0,"1172":0,"1173":0,"1174":0,"1176":0,"1179":0,"1182":0,"1185":0,"1204":0,"1205":0,"1206":0,"1207":0,"1209":0,"1217":0,"1221":0,"1231":0,"1232":0,"1234":0,"1239":0,"1241":0,"1243":0,"1247":0,"1251":0,"1255":0,"1259":0,"1263":0,"1270":0,"1274":0,"1278":0,"1286":0,"1290":0,"1297":0,"1300":0,"1303":0,"1304":0,"1307":0,"1311":0,"1312":0,"1315":0,"1316":0,"1320":0,"1321":0,"1322":0,"1325":0,"1326":0,"1329":0,"1330":0,"1333":0,"1334":0,"1335":0,"1337":0,"1338":0,"1340":0,"1343":0,"1344":0,"1348":0,"1349":0,"1353":0,"1354":0,"1360":0,"1361":0,"1365":0,"1366":0,"1368":0,"1371":0,"1372":0,"1375":0,"1376":0,"1377":0,"1378":0,"1379":0,"1381":0,"1382":0,"1385":0,"1391":0,"1394":1,"1395":0,"1398":1,"1399":0,"1400":0,"1402":0,"1405":1,"1406":0,"1409":0,"1410":0,"1411":0,"1412":0,"1414":0,"1415":0,"1416":0,"1417":0,"1418":0,"1422":0,"1425":0,"1428":0,"1433":0,"1436":0,"1437":0,"1440":0,"1443":0,"1444":0,"1445":0,"1450":0,"1451":0,"1452":0,"1457":0,"1460":0,"1463":0,"1464":0,"1465":0,"1469":0,"1472":0,"1475":0,"1478":0,"1481":0,"1482":0,"1484":0,"1485":0,"1490":0,"1491":0,"1493":0,"1498":0,"1499":0,"1500":0,"1501":0,"1505":0,"1506":0,"1507":0,"1509":0,"1512":0,"1516":0,"1520":0,"1524":0,"1540":0,"1543":0,"1545":0,"1546":0,"1547":0,"1548":0,"1551":0,"1552":0,"1556":0,"1557":0,"1563":0,"1564":0,"1570":0,"1572":0,"1574":0,"1578":0,"1579":0,"1583":0,"1587":0,"1591":0,"1595":0,"1599":0,"1603":0,"1604":0,"1605":0,"1608":0,"1612":0,"1613":0,"1614":0,"1617":0,"1618":0,"1621":0,"1622":0,"1623":0,"1624":0,"1626":0,"1628":0,"1631":0,"1639":1,"1641":1}}}